Using pre-set license
Built from '2020.3/staging' branch; Version is '2020.3.13f1 (71691879b7f5) revision 7432472'; Using compiler version '192528614'; Build Type 'Release'
OS: 'Windows 10 Home; OS build 19043.1110; Version 2009; 64bit' Language: 'en' Physical Memory: 16228 MB
BatchMode: 1, IsHumanControllingUs: 0, StartBugReporterOnCrash: 0, Is64bit: 1, IsPro: 0

 COMMAND LINE ARGUMENTS:
C:\Program Files\Unity\Hub\Editor\2020.3.13f1\Editor\Unity.exe
-adb2
-batchMode
-noUpm
-name
AssetImportWorker0
-projectPath
D:/Unity/My Game Projects/RookieGameJam-21/MLAB
-logFile
Logs/AssetImportWorker0.log
-srvPort
53213
Successfully changed project path to: D:/Unity/My Game Projects/RookieGameJam-21/MLAB
D:/Unity/My Game Projects/RookieGameJam-21/MLAB
Using Asset Import Pipeline V2.
Refreshing native plugins compatible for Editor in 105.10 ms, found 2 plugins.
Preloading 0 native plugins for Editor in 0.00 ms.
Initialize engine version: 2020.3.13f1 (71691879b7f5)
[Subsystems] Discovering subsystems at path C:/Program Files/Unity/Hub/Editor/2020.3.13f1/Editor/Data/Resources/UnitySubsystems
[Subsystems] Discovering subsystems at path D:/Unity/My Game Projects/RookieGameJam-21/MLAB/Assets
GfxDevice: creating device client; threaded=0
Direct3D:
    Version:  Direct3D 11.0 [level 11.1]
    Renderer: NVIDIA GeForce RTX 2070 (ID=0x1f10)
    Vendor:   
    VRAM:     8031 MB
    Driver:   27.21.14.5671
Shader 'Universal Render Pipeline/Particles/Lit': fallback shader 'Universal Render Pipeline/Particles/SimpleLit' not found
Initialize mono
Mono path[0] = 'C:/Program Files/Unity/Hub/Editor/2020.3.13f1/Editor/Data/Managed'
Mono path[1] = 'C:/Program Files/Unity/Hub/Editor/2020.3.13f1/Editor/Data/MonoBleedingEdge/lib/mono/unityjit'
Mono config path = 'C:/Program Files/Unity/Hub/Editor/2020.3.13f1/Editor/Data/MonoBleedingEdge/etc'
Using monoOptions --debugger-agent=transport=dt_socket,embedding=1,server=y,suspend=n,address=127.0.0.1:56420
Begin MonoManager ReloadAssembly
Registering precompiled unity dll's ...
Register platform support module: C:/Program Files/Unity/Hub/Editor/2020.3.13f1/Editor/Data/PlaybackEngines/WindowsStandaloneSupport/UnityEditor.WindowsStandalone.Extensions.dll
Registered in 0.001610 seconds.
Native extension for WindowsStandalone target not found
Refreshing native plugins compatible for Editor in 109.24 ms, found 2 plugins.
Preloading 0 native plugins for Editor in 0.00 ms.
Mono: successfully reloaded assembly
- Completed reload, in  2.149 seconds
Platform modules already initialized, skipping
Registering precompiled user dll's ...
Registered in 0.003738 seconds.
Begin MonoManager ReloadAssembly
Native extension for WindowsStandalone target not found
Refreshing native plugins compatible for Editor in 121.04 ms, found 2 plugins.
Preloading 0 native plugins for Editor in 0.00 ms.
Mono: successfully reloaded assembly
- Completed reload, in  1.358 seconds
Platform modules already initialized, skipping
========================================================================
Worker process is ready to serve import requests
Shader 'Universal Render Pipeline/Particles/Lit': fallback shader 'Universal Render Pipeline/Particles/SimpleLit' not found
Launched and connected shader compiler UnityShaderCompiler.exe after 0.05 seconds
Refreshing native plugins compatible for Editor in 1.22 ms, found 2 plugins.
Preloading 0 native plugins for Editor in 0.00 ms.
Unloading 2944 Unused Serialized files (Serialized files now loaded: 0)
System memory in use before: 222.7 MB.
System memory in use after: 222.9 MB.

Unloading 22 unused Assets to reduce memory usage. Loaded Objects now: 3389.
Total: 2.831600 ms (FindLiveObjects: 0.288600 ms CreateObjectMapping: 0.154400 ms MarkObjects: 2.297700 ms  DeleteObjects: 0.089600 ms)

AssetImportParameters requested are different than current active one (requested -> active):
  custom:framework-win-MediaFoundation: 216162199b28c13a410421893ffa2e32 -> 
  custom:video-decoder-ogg-theora: a1e56fd34408186e4bbccfd4996cb3dc -> 
  custom:container-muxer-webm: aa71ff27fc2769a1b78a27578f13a17b -> 
  custom:container-demuxer-webm: 4f35f7cbe854078d1ac9338744f61a02 -> 
  custom:container-demuxer-ogg: 62fdf1f143b41e24485cea50d1cbac27 -> 
  custom:video-encoder-webm-vp8: eb34c28f22e8b96e1ab97ce403110664 -> 
  custom:video-decoder-webm-vp8: 9c59270c3fd7afecdb556c50c9e8de78 -> 
  custom:audio-decoder-ogg-vorbis: bf7c407c2cedff20999df2af8eb42d56 -> 
  custom:audio-encoder-webm-vorbis: bf7c407c2cedff20999df2af8eb42d56 -> 
========================================================================
Received Import Request.
  path: Assets/AssetPacks/Animations/swat@Defeated.fbx
  artifactKey: Guid(76ecffd8322e1a248b57461038cf6433) Importer(815301076,1909f56bfc062723c751e8b465ee728b)
Start importing Assets/AssetPacks/Animations/swat@Defeated.fbx using Guid(76ecffd8322e1a248b57461038cf6433) Importer(815301076,1909f56bfc062723c751e8b465ee728b)  -> (artifact id: 'e8792b6c5e263c50c3dd53832a2f0bde') in 0.051139 seconds 
  Import took 0.056804 seconds .

========================================================================
Received Import Request.
  Time since last request: 10.720019 seconds.
  path: Assets/AssetPacks/Animations/swat@Defeated.fbx
  artifactKey: Guid(76ecffd8322e1a248b57461038cf6433) Importer(815301076,1909f56bfc062723c751e8b465ee728b)
Start importing Assets/AssetPacks/Animations/swat@Defeated.fbx using Guid(76ecffd8322e1a248b57461038cf6433) Importer(815301076,1909f56bfc062723c751e8b465ee728b)  -> (artifact id: '6e277f8e3912069c3d6f557ea2f3976c') in 0.006448 seconds 
  Import took 0.011886 seconds .

========================================================================
Received Import Request.
  Time since last request: 82.060565 seconds.
  path: Assets/Animators/Controllers/PlayerAnimationController.controller
  artifactKey: Guid(5e4e7977cfc3e5d439d856b69d98904b) Importer(815301076,1909f56bfc062723c751e8b465ee728b)
Start importing Assets/Animators/Controllers/PlayerAnimationController.controller using Guid(5e4e7977cfc3e5d439d856b69d98904b) Importer(815301076,1909f56bfc062723c751e8b465ee728b)  -> (artifact id: 'b09bad03037e7b453d3a685b60e71473') in 0.571556 seconds 
  Import took 0.587529 seconds .

========================================================================
Received Import Request.
  Time since last request: 77.871664 seconds.
  path: Assets/Scripts/Obstacles
  artifactKey: Guid(cc158da4c9194f18bdaf77b469b5a69a) Importer(815301076,1909f56bfc062723c751e8b465ee728b)
Start importing Assets/Scripts/Obstacles using Guid(cc158da4c9194f18bdaf77b469b5a69a) Importer(815301076,1909f56bfc062723c751e8b465ee728b)  -> (artifact id: '2ec33f6713ed4d8105cfe889a2622ade') in 0.011579 seconds 
  Import took 0.016795 seconds .

========================================================================
Received Import Request.
  Time since last request: 10.630461 seconds.
  path: Assets/Scripts/Player/PlayerHealthSystem.cs
  artifactKey: Guid(acf342370ebfe3b4891079898845318d) Importer(815301076,1909f56bfc062723c751e8b465ee728b)
Start importing Assets/Scripts/Player/PlayerHealthSystem.cs using Guid(acf342370ebfe3b4891079898845318d) Importer(815301076,1909f56bfc062723c751e8b465ee728b)  -> (artifact id: 'a68a4dec61f1c9b0ec5ec3c2a8537e13') in 0.007931 seconds 
  Import took 0.012919 seconds .

========================================================================
Received Prepare
Registering precompiled user dll's ...
Registered in 0.004563 seconds.
Begin MonoManager ReloadAssembly
Native extension for WindowsStandalone target not found
Refreshing native plugins compatible for Editor in 1.49 ms, found 2 plugins.
Preloading 0 native plugins for Editor in 0.00 ms.
Mono: successfully reloaded assembly
- Completed reload, in  1.842 seconds
Platform modules already initialized, skipping
Switching build target platform(19) subTarget(0) extendedPlatform(0) -> platform(13) subTarget(537395200) extendedPlatform(0)
Shader 'Universal Render Pipeline/Particles/Lit': fallback shader 'Universal Render Pipeline/Particles/SimpleLit' not found
Refreshing native plugins compatible for Editor in 1.29 ms, found 2 plugins.
Preloading 0 native plugins for Editor in 0.00 ms.
Unloading 2810 Unused Serialized files (Serialized files now loaded: 0)
System memory in use before: 205.8 MB.
System memory in use after: 206.0 MB.

Unloading 17 unused Assets to reduce memory usage. Loaded Objects now: 3392.
Total: 3.418900 ms (FindLiveObjects: 0.363200 ms CreateObjectMapping: 0.166900 ms MarkObjects: 2.862200 ms  DeleteObjects: 0.025300 ms)

AssetImportParameters requested are different than current active one (requested -> active):
  custom:framework-win-MediaFoundation: 216162199b28c13a410421893ffa2e32 -> 
  custom:video-decoder-ogg-theora: a1e56fd34408186e4bbccfd4996cb3dc -> 
  custom:container-muxer-webm: aa71ff27fc2769a1b78a27578f13a17b -> 
  custom:container-demuxer-webm: 4f35f7cbe854078d1ac9338744f61a02 -> 
  custom:container-demuxer-ogg: 62fdf1f143b41e24485cea50d1cbac27 -> 
  custom:video-encoder-webm-vp8: eb34c28f22e8b96e1ab97ce403110664 -> 
  custom:video-decoder-webm-vp8: 9c59270c3fd7afecdb556c50c9e8de78 -> 
  custom:graphics/normal-map-encoding: 01000000000000000000000000000000 -> 02000000000000000000000000000000
  custom:audio-decoder-ogg-vorbis: bf7c407c2cedff20999df2af8eb42d56 -> 
  custom:audio-encoder-webm-vorbis: bf7c407c2cedff20999df2af8eb42d56 -> 
========================================================================
Received Import Request.
  Time since last request: 67.243559 seconds.
  path: Assets/Scripts/Player/PlayerHealthSystem.cs
  artifactKey: Guid(acf342370ebfe3b4891079898845318d) Importer(815301076,1909f56bfc062723c751e8b465ee728b)
Start importing Assets/Scripts/Player/PlayerHealthSystem.cs using Guid(acf342370ebfe3b4891079898845318d) Importer(815301076,1909f56bfc062723c751e8b465ee728b)  -> (artifact id: '43d74651f41815276cefcd907837481c') in 0.006680 seconds 
  Import took 0.012714 seconds .

========================================================================
Received Prepare
Registering precompiled user dll's ...
Registered in 0.003653 seconds.
Begin MonoManager ReloadAssembly
Native extension for WindowsStandalone target not found
Refreshing native plugins compatible for Editor in 1.17 ms, found 2 plugins.
Preloading 0 native plugins for Editor in 0.00 ms.
Mono: successfully reloaded assembly
- Completed reload, in  1.247 seconds
Platform modules already initialized, skipping
Switching build target platform(19) subTarget(0) extendedPlatform(0) -> platform(13) subTarget(537395200) extendedPlatform(0)
Shader 'Universal Render Pipeline/Particles/Lit': fallback shader 'Universal Render Pipeline/Particles/SimpleLit' not found
Refreshing native plugins compatible for Editor in 1.05 ms, found 2 plugins.
Preloading 0 native plugins for Editor in 0.00 ms.
Unloading 2810 Unused Serialized files (Serialized files now loaded: 0)
System memory in use before: 205.9 MB.
System memory in use after: 206.1 MB.

Unloading 17 unused Assets to reduce memory usage. Loaded Objects now: 3394.
Total: 2.697400 ms (FindLiveObjects: 0.243800 ms CreateObjectMapping: 0.121600 ms MarkObjects: 2.313400 ms  DeleteObjects: 0.017600 ms)

AssetImportParameters requested are different than current active one (requested -> active):
  custom:framework-win-MediaFoundation: 216162199b28c13a410421893ffa2e32 -> 
  custom:video-decoder-ogg-theora: a1e56fd34408186e4bbccfd4996cb3dc -> 
  custom:container-muxer-webm: aa71ff27fc2769a1b78a27578f13a17b -> 
  custom:container-demuxer-webm: 4f35f7cbe854078d1ac9338744f61a02 -> 
  custom:container-demuxer-ogg: 62fdf1f143b41e24485cea50d1cbac27 -> 
  custom:video-encoder-webm-vp8: eb34c28f22e8b96e1ab97ce403110664 -> 
  custom:video-decoder-webm-vp8: 9c59270c3fd7afecdb556c50c9e8de78 -> 
  custom:graphics/normal-map-encoding: 01000000000000000000000000000000 -> 02000000000000000000000000000000
  custom:audio-decoder-ogg-vorbis: bf7c407c2cedff20999df2af8eb42d56 -> 
  custom:audio-encoder-webm-vorbis: bf7c407c2cedff20999df2af8eb42d56 -> 
========================================================================
Received Import Request.
  Time since last request: 169.569607 seconds.
  path: Assets/Scripts/Player/PlayerHealthSystem.cs
  artifactKey: Guid(acf342370ebfe3b4891079898845318d) Importer(815301076,1909f56bfc062723c751e8b465ee728b)
Start importing Assets/Scripts/Player/PlayerHealthSystem.cs using Guid(acf342370ebfe3b4891079898845318d) Importer(815301076,1909f56bfc062723c751e8b465ee728b)  -> (artifact id: 'f1ed9c2fa66cae836e2014b6c8e11ef1') in 0.004979 seconds 
  Import took 0.013229 seconds .

========================================================================
Received Prepare
Registering precompiled user dll's ...
Registered in 0.005086 seconds.
Begin MonoManager ReloadAssembly
Native extension for WindowsStandalone target not found
Refreshing native plugins compatible for Editor in 1.17 ms, found 2 plugins.
Preloading 0 native plugins for Editor in 0.00 ms.
Mono: successfully reloaded assembly
- Completed reload, in  1.352 seconds
Platform modules already initialized, skipping
Switching build target platform(19) subTarget(0) extendedPlatform(0) -> platform(13) subTarget(537395200) extendedPlatform(0)
Shader 'Universal Render Pipeline/Particles/Lit': fallback shader 'Universal Render Pipeline/Particles/SimpleLit' not found
Refreshing native plugins compatible for Editor in 1.33 ms, found 2 plugins.
Preloading 0 native plugins for Editor in 0.00 ms.
Unloading 2810 Unused Serialized files (Serialized files now loaded: 0)
System memory in use before: 205.9 MB.
System memory in use after: 206.1 MB.

Unloading 17 unused Assets to reduce memory usage. Loaded Objects now: 3396.
Total: 3.286500 ms (FindLiveObjects: 0.460400 ms CreateObjectMapping: 0.140600 ms MarkObjects: 2.663000 ms  DeleteObjects: 0.021000 ms)

AssetImportParameters requested are different than current active one (requested -> active):
  custom:framework-win-MediaFoundation: 216162199b28c13a410421893ffa2e32 -> 
  custom:video-decoder-ogg-theora: a1e56fd34408186e4bbccfd4996cb3dc -> 
  custom:container-muxer-webm: aa71ff27fc2769a1b78a27578f13a17b -> 
  custom:container-demuxer-webm: 4f35f7cbe854078d1ac9338744f61a02 -> 
  custom:container-demuxer-ogg: 62fdf1f143b41e24485cea50d1cbac27 -> 
  custom:video-encoder-webm-vp8: eb34c28f22e8b96e1ab97ce403110664 -> 
  custom:video-decoder-webm-vp8: 9c59270c3fd7afecdb556c50c9e8de78 -> 
  custom:graphics/normal-map-encoding: 01000000000000000000000000000000 -> 02000000000000000000000000000000
  custom:audio-decoder-ogg-vorbis: bf7c407c2cedff20999df2af8eb42d56 -> 
  custom:audio-encoder-webm-vorbis: bf7c407c2cedff20999df2af8eb42d56 -> 
========================================================================
Received Prepare
Registering precompiled user dll's ...
Registered in 0.003521 seconds.
Begin MonoManager ReloadAssembly
Native extension for WindowsStandalone target not found
Refreshing native plugins compatible for Editor in 1.09 ms, found 2 plugins.
Preloading 0 native plugins for Editor in 0.00 ms.
Mono: successfully reloaded assembly
- Completed reload, in  1.291 seconds
Platform modules already initialized, skipping
Switching build target platform(19) subTarget(0) extendedPlatform(0) -> platform(13) subTarget(537395200) extendedPlatform(0)
Shader 'Universal Render Pipeline/Particles/Lit': fallback shader 'Universal Render Pipeline/Particles/SimpleLit' not found
Refreshing native plugins compatible for Editor in 1.12 ms, found 2 plugins.
Preloading 0 native plugins for Editor in 0.00 ms.
Unloading 2810 Unused Serialized files (Serialized files now loaded: 0)
System memory in use before: 205.9 MB.
System memory in use after: 206.1 MB.

Unloading 17 unused Assets to reduce memory usage. Loaded Objects now: 3398.
Total: 2.519100 ms (FindLiveObjects: 0.406300 ms CreateObjectMapping: 0.137700 ms MarkObjects: 1.956500 ms  DeleteObjects: 0.017200 ms)

AssetImportParameters requested are different than current active one (requested -> active):
  custom:framework-win-MediaFoundation: 216162199b28c13a410421893ffa2e32 -> 
  custom:video-decoder-ogg-theora: a1e56fd34408186e4bbccfd4996cb3dc -> 
  custom:container-muxer-webm: aa71ff27fc2769a1b78a27578f13a17b -> 
  custom:container-demuxer-webm: 4f35f7cbe854078d1ac9338744f61a02 -> 
  custom:container-demuxer-ogg: 62fdf1f143b41e24485cea50d1cbac27 -> 
  custom:video-encoder-webm-vp8: eb34c28f22e8b96e1ab97ce403110664 -> 
  custom:video-decoder-webm-vp8: 9c59270c3fd7afecdb556c50c9e8de78 -> 
  custom:graphics/normal-map-encoding: 01000000000000000000000000000000 -> 02000000000000000000000000000000
  custom:audio-decoder-ogg-vorbis: bf7c407c2cedff20999df2af8eb42d56 -> 
  custom:audio-encoder-webm-vorbis: bf7c407c2cedff20999df2af8eb42d56 -> 
========================================================================
Received Prepare
Registering precompiled user dll's ...
Registered in 0.003556 seconds.
Begin MonoManager ReloadAssembly
Native extension for WindowsStandalone target not found
Refreshing native plugins compatible for Editor in 1.65 ms, found 2 plugins.
Preloading 0 native plugins for Editor in 0.00 ms.
Mono: successfully reloaded assembly
- Completed reload, in  1.614 seconds
Platform modules already initialized, skipping
Switching build target platform(19) subTarget(0) extendedPlatform(0) -> platform(13) subTarget(537395200) extendedPlatform(0)
Shader 'Universal Render Pipeline/Particles/Lit': fallback shader 'Universal Render Pipeline/Particles/SimpleLit' not found
Refreshing native plugins compatible for Editor in 1.39 ms, found 2 plugins.
Preloading 0 native plugins for Editor in 0.00 ms.
Unloading 2810 Unused Serialized files (Serialized files now loaded: 0)
System memory in use before: 205.9 MB.
System memory in use after: 206.2 MB.

Unloading 17 unused Assets to reduce memory usage. Loaded Objects now: 3400.
Total: 3.922100 ms (FindLiveObjects: 0.342800 ms CreateObjectMapping: 0.170000 ms MarkObjects: 3.380200 ms  DeleteObjects: 0.027400 ms)

AssetImportParameters requested are different than current active one (requested -> active):
  custom:framework-win-MediaFoundation: 216162199b28c13a410421893ffa2e32 -> 
  custom:video-decoder-ogg-theora: a1e56fd34408186e4bbccfd4996cb3dc -> 
  custom:container-muxer-webm: aa71ff27fc2769a1b78a27578f13a17b -> 
  custom:container-demuxer-webm: 4f35f7cbe854078d1ac9338744f61a02 -> 
  custom:container-demuxer-ogg: 62fdf1f143b41e24485cea50d1cbac27 -> 
  custom:video-encoder-webm-vp8: eb34c28f22e8b96e1ab97ce403110664 -> 
  custom:video-decoder-webm-vp8: 9c59270c3fd7afecdb556c50c9e8de78 -> 
  custom:graphics/normal-map-encoding: 01000000000000000000000000000000 -> 02000000000000000000000000000000
  custom:audio-decoder-ogg-vorbis: bf7c407c2cedff20999df2af8eb42d56 -> 
  custom:audio-encoder-webm-vorbis: bf7c407c2cedff20999df2af8eb42d56 -> 
========================================================================
Received Prepare
Registering precompiled user dll's ...
Registered in 0.004436 seconds.
Begin MonoManager ReloadAssembly
Native extension for WindowsStandalone target not found
Refreshing native plugins compatible for Editor in 1.80 ms, found 2 plugins.
Preloading 0 native plugins for Editor in 0.00 ms.
Mono: successfully reloaded assembly
- Completed reload, in  1.372 seconds
Platform modules already initialized, skipping
Switching build target platform(19) subTarget(0) extendedPlatform(0) -> platform(13) subTarget(537395200) extendedPlatform(0)
Shader 'Universal Render Pipeline/Particles/Lit': fallback shader 'Universal Render Pipeline/Particles/SimpleLit' not found
Refreshing native plugins compatible for Editor in 1.34 ms, found 2 plugins.
Preloading 0 native plugins for Editor in 0.00 ms.
Unloading 2810 Unused Serialized files (Serialized files now loaded: 0)
System memory in use before: 205.9 MB.
System memory in use after: 206.2 MB.

Unloading 17 unused Assets to reduce memory usage. Loaded Objects now: 3402.
Total: 3.359000 ms (FindLiveObjects: 0.307700 ms CreateObjectMapping: 0.151900 ms MarkObjects: 2.875300 ms  DeleteObjects: 0.022800 ms)

AssetImportParameters requested are different than current active one (requested -> active):
  custom:framework-win-MediaFoundation: 216162199b28c13a410421893ffa2e32 -> 
  custom:video-decoder-ogg-theora: a1e56fd34408186e4bbccfd4996cb3dc -> 
  custom:container-muxer-webm: aa71ff27fc2769a1b78a27578f13a17b -> 
  custom:container-demuxer-webm: 4f35f7cbe854078d1ac9338744f61a02 -> 
  custom:container-demuxer-ogg: 62fdf1f143b41e24485cea50d1cbac27 -> 
  custom:video-encoder-webm-vp8: eb34c28f22e8b96e1ab97ce403110664 -> 
  custom:video-decoder-webm-vp8: 9c59270c3fd7afecdb556c50c9e8de78 -> 
  custom:graphics/normal-map-encoding: 01000000000000000000000000000000 -> 02000000000000000000000000000000
  custom:audio-decoder-ogg-vorbis: bf7c407c2cedff20999df2af8eb42d56 -> 
  custom:audio-encoder-webm-vorbis: bf7c407c2cedff20999df2af8eb42d56 -> 
========================================================================
Received Prepare
Registering precompiled user dll's ...
Registered in 0.004490 seconds.
Begin MonoManager ReloadAssembly
Native extension for WindowsStandalone target not found
Refreshing native plugins compatible for Editor in 1.69 ms, found 2 plugins.
Preloading 0 native plugins for Editor in 0.00 ms.
Mono: successfully reloaded assembly
- Completed reload, in  1.622 seconds
Platform modules already initialized, skipping
Switching build target platform(19) subTarget(0) extendedPlatform(0) -> platform(13) subTarget(537395200) extendedPlatform(0)
Shader 'Universal Render Pipeline/Particles/Lit': fallback shader 'Universal Render Pipeline/Particles/SimpleLit' not found
Refreshing native plugins compatible for Editor in 1.44 ms, found 2 plugins.
Preloading 0 native plugins for Editor in 0.00 ms.
Unloading 2810 Unused Serialized files (Serialized files now loaded: 0)
System memory in use before: 205.9 MB.
System memory in use after: 206.2 MB.

Unloading 17 unused Assets to reduce memory usage. Loaded Objects now: 3404.
Total: 3.396800 ms (FindLiveObjects: 0.323900 ms CreateObjectMapping: 0.197100 ms MarkObjects: 2.853200 ms  DeleteObjects: 0.020800 ms)

AssetImportParameters requested are different than current active one (requested -> active):
  custom:framework-win-MediaFoundation: 216162199b28c13a410421893ffa2e32 -> 
  custom:video-decoder-ogg-theora: a1e56fd34408186e4bbccfd4996cb3dc -> 
  custom:container-muxer-webm: aa71ff27fc2769a1b78a27578f13a17b -> 
  custom:container-demuxer-webm: 4f35f7cbe854078d1ac9338744f61a02 -> 
  custom:container-demuxer-ogg: 62fdf1f143b41e24485cea50d1cbac27 -> 
  custom:video-encoder-webm-vp8: eb34c28f22e8b96e1ab97ce403110664 -> 
  custom:video-decoder-webm-vp8: 9c59270c3fd7afecdb556c50c9e8de78 -> 
  custom:graphics/normal-map-encoding: 01000000000000000000000000000000 -> 02000000000000000000000000000000
  custom:audio-decoder-ogg-vorbis: bf7c407c2cedff20999df2af8eb42d56 -> 
  custom:audio-encoder-webm-vorbis: bf7c407c2cedff20999df2af8eb42d56 -> 
========================================================================
Received Prepare
Registering precompiled user dll's ...
Registered in 0.003492 seconds.
Begin MonoManager ReloadAssembly
Native extension for WindowsStandalone target not found
Refreshing native plugins compatible for Editor in 1.08 ms, found 2 plugins.
Preloading 0 native plugins for Editor in 0.00 ms.
Mono: successfully reloaded assembly
- Completed reload, in  1.280 seconds
Platform modules already initialized, skipping
Switching build target platform(19) subTarget(0) extendedPlatform(0) -> platform(13) subTarget(537395200) extendedPlatform(0)
Shader 'Universal Render Pipeline/Particles/Lit': fallback shader 'Universal Render Pipeline/Particles/SimpleLit' not found
Refreshing native plugins compatible for Editor in 1.19 ms, found 2 plugins.
Preloading 0 native plugins for Editor in 0.00 ms.
Unloading 2810 Unused Serialized files (Serialized files now loaded: 0)
System memory in use before: 205.9 MB.
System memory in use after: 206.2 MB.

Unloading 17 unused Assets to reduce memory usage. Loaded Objects now: 3406.
Total: 2.718100 ms (FindLiveObjects: 0.317700 ms CreateObjectMapping: 0.185200 ms MarkObjects: 2.195900 ms  DeleteObjects: 0.018200 ms)

AssetImportParameters requested are different than current active one (requested -> active):
  custom:framework-win-MediaFoundation: 216162199b28c13a410421893ffa2e32 -> 
  custom:video-decoder-ogg-theora: a1e56fd34408186e4bbccfd4996cb3dc -> 
  custom:container-muxer-webm: aa71ff27fc2769a1b78a27578f13a17b -> 
  custom:container-demuxer-webm: 4f35f7cbe854078d1ac9338744f61a02 -> 
  custom:container-demuxer-ogg: 62fdf1f143b41e24485cea50d1cbac27 -> 
  custom:video-encoder-webm-vp8: eb34c28f22e8b96e1ab97ce403110664 -> 
  custom:video-decoder-webm-vp8: 9c59270c3fd7afecdb556c50c9e8de78 -> 
  custom:graphics/normal-map-encoding: 01000000000000000000000000000000 -> 02000000000000000000000000000000
  custom:audio-decoder-ogg-vorbis: bf7c407c2cedff20999df2af8eb42d56 -> 
  custom:audio-encoder-webm-vorbis: bf7c407c2cedff20999df2af8eb42d56 -> 
========================================================================
Received Prepare
Registering precompiled user dll's ...
Registered in 0.003600 seconds.
Begin MonoManager ReloadAssembly
Native extension for WindowsStandalone target not found
Refreshing native plugins compatible for Editor in 1.03 ms, found 2 plugins.
Preloading 0 native plugins for Editor in 0.00 ms.
Mono: successfully reloaded assembly
- Completed reload, in  1.270 seconds
Platform modules already initialized, skipping
Switching build target platform(19) subTarget(0) extendedPlatform(0) -> platform(13) subTarget(537395200) extendedPlatform(0)
Shader 'Universal Render Pipeline/Particles/Lit': fallback shader 'Universal Render Pipeline/Particles/SimpleLit' not found
Refreshing native plugins compatible for Editor in 1.69 ms, found 2 plugins.
Preloading 0 native plugins for Editor in 0.00 ms.
Unloading 2810 Unused Serialized files (Serialized files now loaded: 0)
System memory in use before: 206.0 MB.
System memory in use after: 206.2 MB.

Unloading 17 unused Assets to reduce memory usage. Loaded Objects now: 3408.
Total: 2.381300 ms (FindLiveObjects: 0.260100 ms CreateObjectMapping: 0.110300 ms MarkObjects: 1.994500 ms  DeleteObjects: 0.015400 ms)

AssetImportParameters requested are different than current active one (requested -> active):
  custom:framework-win-MediaFoundation: 216162199b28c13a410421893ffa2e32 -> 
  custom:video-decoder-ogg-theora: a1e56fd34408186e4bbccfd4996cb3dc -> 
  custom:container-muxer-webm: aa71ff27fc2769a1b78a27578f13a17b -> 
  custom:container-demuxer-webm: 4f35f7cbe854078d1ac9338744f61a02 -> 
  custom:container-demuxer-ogg: 62fdf1f143b41e24485cea50d1cbac27 -> 
  custom:video-encoder-webm-vp8: eb34c28f22e8b96e1ab97ce403110664 -> 
  custom:video-decoder-webm-vp8: 9c59270c3fd7afecdb556c50c9e8de78 -> 
  custom:graphics/normal-map-encoding: 01000000000000000000000000000000 -> 02000000000000000000000000000000
  custom:audio-decoder-ogg-vorbis: bf7c407c2cedff20999df2af8eb42d56 -> 
  custom:audio-encoder-webm-vorbis: bf7c407c2cedff20999df2af8eb42d56 -> 
========================================================================
Received Prepare
Registering precompiled user dll's ...
Registered in 0.003515 seconds.
Begin MonoManager ReloadAssembly
Native extension for WindowsStandalone target not found
Refreshing native plugins compatible for Editor in 1.57 ms, found 2 plugins.
Preloading 0 native plugins for Editor in 0.00 ms.
Mono: successfully reloaded assembly
- Completed reload, in  1.321 seconds
Platform modules already initialized, skipping
Switching build target platform(19) subTarget(0) extendedPlatform(0) -> platform(13) subTarget(537395200) extendedPlatform(0)
Shader 'Universal Render Pipeline/Particles/Lit': fallback shader 'Universal Render Pipeline/Particles/SimpleLit' not found
Refreshing native plugins compatible for Editor in 1.07 ms, found 2 plugins.
Preloading 0 native plugins for Editor in 0.00 ms.
Unloading 2810 Unused Serialized files (Serialized files now loaded: 0)
System memory in use before: 206.0 MB.
System memory in use after: 206.2 MB.

Unloading 17 unused Assets to reduce memory usage. Loaded Objects now: 3410.
Total: 3.106000 ms (FindLiveObjects: 0.385000 ms CreateObjectMapping: 0.161500 ms MarkObjects: 2.535500 ms  DeleteObjects: 0.022900 ms)

AssetImportParameters requested are different than current active one (requested -> active):
  custom:framework-win-MediaFoundation: 216162199b28c13a410421893ffa2e32 -> 
  custom:video-decoder-ogg-theora: a1e56fd34408186e4bbccfd4996cb3dc -> 
  custom:container-muxer-webm: aa71ff27fc2769a1b78a27578f13a17b -> 
  custom:container-demuxer-webm: 4f35f7cbe854078d1ac9338744f61a02 -> 
  custom:container-demuxer-ogg: 62fdf1f143b41e24485cea50d1cbac27 -> 
  custom:video-encoder-webm-vp8: eb34c28f22e8b96e1ab97ce403110664 -> 
  custom:video-decoder-webm-vp8: 9c59270c3fd7afecdb556c50c9e8de78 -> 
  custom:graphics/normal-map-encoding: 01000000000000000000000000000000 -> 02000000000000000000000000000000
  custom:audio-decoder-ogg-vorbis: bf7c407c2cedff20999df2af8eb42d56 -> 
  custom:audio-encoder-webm-vorbis: bf7c407c2cedff20999df2af8eb42d56 -> 
========================================================================
Received Prepare
Registering precompiled user dll's ...
Registered in 0.003314 seconds.
Begin MonoManager ReloadAssembly
Native extension for WindowsStandalone target not found
Refreshing native plugins compatible for Editor in 1.41 ms, found 2 plugins.
Preloading 0 native plugins for Editor in 0.00 ms.
Mono: successfully reloaded assembly
- Completed reload, in  1.223 seconds
Platform modules already initialized, skipping
Switching build target platform(19) subTarget(0) extendedPlatform(0) -> platform(13) subTarget(537395200) extendedPlatform(0)
Shader 'Universal Render Pipeline/Particles/Lit': fallback shader 'Universal Render Pipeline/Particles/SimpleLit' not found
Refreshing native plugins compatible for Editor in 1.07 ms, found 2 plugins.
Preloading 0 native plugins for Editor in 0.00 ms.
Unloading 2810 Unused Serialized files (Serialized files now loaded: 0)
System memory in use before: 206.0 MB.
System memory in use after: 206.2 MB.

Unloading 17 unused Assets to reduce memory usage. Loaded Objects now: 3412.
Total: 2.415100 ms (FindLiveObjects: 0.243800 ms CreateObjectMapping: 0.099200 ms MarkObjects: 2.054800 ms  DeleteObjects: 0.016500 ms)

AssetImportParameters requested are different than current active one (requested -> active):
  custom:framework-win-MediaFoundation: 216162199b28c13a410421893ffa2e32 -> 
  custom:video-decoder-ogg-theora: a1e56fd34408186e4bbccfd4996cb3dc -> 
  custom:container-muxer-webm: aa71ff27fc2769a1b78a27578f13a17b -> 
  custom:container-demuxer-webm: 4f35f7cbe854078d1ac9338744f61a02 -> 
  custom:container-demuxer-ogg: 62fdf1f143b41e24485cea50d1cbac27 -> 
  custom:video-encoder-webm-vp8: eb34c28f22e8b96e1ab97ce403110664 -> 
  custom:video-decoder-webm-vp8: 9c59270c3fd7afecdb556c50c9e8de78 -> 
  custom:graphics/normal-map-encoding: 01000000000000000000000000000000 -> 02000000000000000000000000000000
  custom:audio-decoder-ogg-vorbis: bf7c407c2cedff20999df2af8eb42d56 -> 
  custom:audio-encoder-webm-vorbis: bf7c407c2cedff20999df2af8eb42d56 -> 
========================================================================
Received Prepare
Registering precompiled user dll's ...
Registered in 0.003289 seconds.
Begin MonoManager ReloadAssembly
Native extension for WindowsStandalone target not found
Refreshing native plugins compatible for Editor in 1.08 ms, found 2 plugins.
Preloading 0 native plugins for Editor in 0.00 ms.
Mono: successfully reloaded assembly
- Completed reload, in  1.259 seconds
Platform modules already initialized, skipping
Switching build target platform(19) subTarget(0) extendedPlatform(0) -> platform(13) subTarget(537395200) extendedPlatform(0)
Shader 'Universal Render Pipeline/Particles/Lit': fallback shader 'Universal Render Pipeline/Particles/SimpleLit' not found
Refreshing native plugins compatible for Editor in 1.09 ms, found 2 plugins.
Preloading 0 native plugins for Editor in 0.00 ms.
Unloading 2810 Unused Serialized files (Serialized files now loaded: 0)
System memory in use before: 206.0 MB.
System memory in use after: 206.2 MB.

Unloading 17 unused Assets to reduce memory usage. Loaded Objects now: 3414.
Total: 2.936000 ms (FindLiveObjects: 0.285800 ms CreateObjectMapping: 0.146400 ms MarkObjects: 2.477900 ms  DeleteObjects: 0.025000 ms)

AssetImportParameters requested are different than current active one (requested -> active):
  custom:framework-win-MediaFoundation: 216162199b28c13a410421893ffa2e32 -> 
  custom:video-decoder-ogg-theora: a1e56fd34408186e4bbccfd4996cb3dc -> 
  custom:container-muxer-webm: aa71ff27fc2769a1b78a27578f13a17b -> 
  custom:container-demuxer-webm: 4f35f7cbe854078d1ac9338744f61a02 -> 
  custom:container-demuxer-ogg: 62fdf1f143b41e24485cea50d1cbac27 -> 
  custom:video-encoder-webm-vp8: eb34c28f22e8b96e1ab97ce403110664 -> 
  custom:video-decoder-webm-vp8: 9c59270c3fd7afecdb556c50c9e8de78 -> 
  custom:graphics/normal-map-encoding: 01000000000000000000000000000000 -> 02000000000000000000000000000000
  custom:audio-decoder-ogg-vorbis: bf7c407c2cedff20999df2af8eb42d56 -> 
  custom:audio-encoder-webm-vorbis: bf7c407c2cedff20999df2af8eb42d56 -> 
========================================================================
Received Prepare
Registering precompiled user dll's ...
Registered in 0.005171 seconds.
Begin MonoManager ReloadAssembly
Native extension for WindowsStandalone target not found
Refreshing native plugins compatible for Editor in 1.08 ms, found 2 plugins.
Preloading 0 native plugins for Editor in 0.00 ms.
Mono: successfully reloaded assembly
- Completed reload, in  1.245 seconds
Platform modules already initialized, skipping
Switching build target platform(19) subTarget(0) extendedPlatform(0) -> platform(13) subTarget(537395200) extendedPlatform(0)
Shader 'Universal Render Pipeline/Particles/Lit': fallback shader 'Universal Render Pipeline/Particles/SimpleLit' not found
Refreshing native plugins compatible for Editor in 2.49 ms, found 2 plugins.
Preloading 0 native plugins for Editor in 0.00 ms.
Unloading 2810 Unused Serialized files (Serialized files now loaded: 0)
System memory in use before: 206.0 MB.
System memory in use after: 206.2 MB.

Unloading 17 unused Assets to reduce memory usage. Loaded Objects now: 3416.
Total: 2.725400 ms (FindLiveObjects: 0.238400 ms CreateObjectMapping: 0.113400 ms MarkObjects: 2.353600 ms  DeleteObjects: 0.018900 ms)

AssetImportParameters requested are different than current active one (requested -> active):
  custom:framework-win-MediaFoundation: 216162199b28c13a410421893ffa2e32 -> 
  custom:video-decoder-ogg-theora: a1e56fd34408186e4bbccfd4996cb3dc -> 
  custom:container-muxer-webm: aa71ff27fc2769a1b78a27578f13a17b -> 
  custom:container-demuxer-webm: 4f35f7cbe854078d1ac9338744f61a02 -> 
  custom:container-demuxer-ogg: 62fdf1f143b41e24485cea50d1cbac27 -> 
  custom:video-encoder-webm-vp8: eb34c28f22e8b96e1ab97ce403110664 -> 
  custom:video-decoder-webm-vp8: 9c59270c3fd7afecdb556c50c9e8de78 -> 
  custom:graphics/normal-map-encoding: 01000000000000000000000000000000 -> 02000000000000000000000000000000
  custom:audio-decoder-ogg-vorbis: bf7c407c2cedff20999df2af8eb42d56 -> 
  custom:audio-encoder-webm-vorbis: bf7c407c2cedff20999df2af8eb42d56 -> 
========================================================================
Received Prepare
Registering precompiled user dll's ...
Registered in 0.006306 seconds.
Begin MonoManager ReloadAssembly
Native extension for WindowsStandalone target not found
Refreshing native plugins compatible for Editor in 1.03 ms, found 2 plugins.
Preloading 0 native plugins for Editor in 0.00 ms.
Mono: successfully reloaded assembly
- Completed reload, in  1.188 seconds
Platform modules already initialized, skipping
Switching build target platform(19) subTarget(0) extendedPlatform(0) -> platform(13) subTarget(537395200) extendedPlatform(0)
Shader 'Universal Render Pipeline/Particles/Lit': fallback shader 'Universal Render Pipeline/Particles/SimpleLit' not found
Refreshing native plugins compatible for Editor in 1.02 ms, found 2 plugins.
Preloading 0 native plugins for Editor in 0.00 ms.
Unloading 2810 Unused Serialized files (Serialized files now loaded: 0)
System memory in use before: 206.0 MB.
System memory in use after: 206.2 MB.

Unloading 17 unused Assets to reduce memory usage. Loaded Objects now: 3418.
Total: 2.445000 ms (FindLiveObjects: 0.302000 ms CreateObjectMapping: 0.133100 ms MarkObjects: 1.991200 ms  DeleteObjects: 0.017800 ms)

AssetImportParameters requested are different than current active one (requested -> active):
  custom:framework-win-MediaFoundation: 216162199b28c13a410421893ffa2e32 -> 
  custom:video-decoder-ogg-theora: a1e56fd34408186e4bbccfd4996cb3dc -> 
  custom:container-muxer-webm: aa71ff27fc2769a1b78a27578f13a17b -> 
  custom:container-demuxer-webm: 4f35f7cbe854078d1ac9338744f61a02 -> 
  custom:container-demuxer-ogg: 62fdf1f143b41e24485cea50d1cbac27 -> 
  custom:video-encoder-webm-vp8: eb34c28f22e8b96e1ab97ce403110664 -> 
  custom:video-decoder-webm-vp8: 9c59270c3fd7afecdb556c50c9e8de78 -> 
  custom:graphics/normal-map-encoding: 01000000000000000000000000000000 -> 02000000000000000000000000000000
  custom:audio-decoder-ogg-vorbis: bf7c407c2cedff20999df2af8eb42d56 -> 
  custom:audio-encoder-webm-vorbis: bf7c407c2cedff20999df2af8eb42d56 -> 
========================================================================
Received Prepare
Registering precompiled user dll's ...
Registered in 0.003533 seconds.
Begin MonoManager ReloadAssembly
Native extension for WindowsStandalone target not found
Refreshing native plugins compatible for Editor in 1.05 ms, found 2 plugins.
Preloading 0 native plugins for Editor in 0.00 ms.
Mono: successfully reloaded assembly
- Completed reload, in  1.255 seconds
Platform modules already initialized, skipping
Switching build target platform(19) subTarget(0) extendedPlatform(0) -> platform(13) subTarget(537395200) extendedPlatform(0)
Shader 'Universal Render Pipeline/Particles/Lit': fallback shader 'Universal Render Pipeline/Particles/SimpleLit' not found
Refreshing native plugins compatible for Editor in 1.09 ms, found 2 plugins.
Preloading 0 native plugins for Editor in 0.00 ms.
Unloading 2810 Unused Serialized files (Serialized files now loaded: 0)
System memory in use before: 206.0 MB.
System memory in use after: 206.2 MB.

Unloading 17 unused Assets to reduce memory usage. Loaded Objects now: 3420.
Total: 2.690700 ms (FindLiveObjects: 0.257100 ms CreateObjectMapping: 0.118900 ms MarkObjects: 2.293000 ms  DeleteObjects: 0.020800 ms)

AssetImportParameters requested are different than current active one (requested -> active):
  custom:framework-win-MediaFoundation: 216162199b28c13a410421893ffa2e32 -> 
  custom:video-decoder-ogg-theora: a1e56fd34408186e4bbccfd4996cb3dc -> 
  custom:container-muxer-webm: aa71ff27fc2769a1b78a27578f13a17b -> 
  custom:container-demuxer-webm: 4f35f7cbe854078d1ac9338744f61a02 -> 
  custom:container-demuxer-ogg: 62fdf1f143b41e24485cea50d1cbac27 -> 
  custom:video-encoder-webm-vp8: eb34c28f22e8b96e1ab97ce403110664 -> 
  custom:video-decoder-webm-vp8: 9c59270c3fd7afecdb556c50c9e8de78 -> 
  custom:graphics/normal-map-encoding: 01000000000000000000000000000000 -> 02000000000000000000000000000000
  custom:audio-decoder-ogg-vorbis: bf7c407c2cedff20999df2af8eb42d56 -> 
  custom:audio-encoder-webm-vorbis: bf7c407c2cedff20999df2af8eb42d56 -> 
========================================================================
Received Prepare
Registering precompiled user dll's ...
Registered in 0.003991 seconds.
Begin MonoManager ReloadAssembly
Native extension for WindowsStandalone target not found
Refreshing native plugins compatible for Editor in 1.17 ms, found 2 plugins.
Preloading 0 native plugins for Editor in 0.00 ms.
Mono: successfully reloaded assembly
- Completed reload, in  1.648 seconds
Platform modules already initialized, skipping
Switching build target platform(19) subTarget(0) extendedPlatform(0) -> platform(13) subTarget(537395200) extendedPlatform(0)
Shader 'Universal Render Pipeline/Particles/Lit': fallback shader 'Universal Render Pipeline/Particles/SimpleLit' not found
Refreshing native plugins compatible for Editor in 1.45 ms, found 2 plugins.
Preloading 0 native plugins for Editor in 0.00 ms.
Unloading 2811 Unused Serialized files (Serialized files now loaded: 0)
System memory in use before: 206.0 MB.
System memory in use after: 206.2 MB.

Unloading 17 unused Assets to reduce memory usage. Loaded Objects now: 3423.
Total: 2.947700 ms (FindLiveObjects: 0.405200 ms CreateObjectMapping: 0.262100 ms MarkObjects: 2.259500 ms  DeleteObjects: 0.019900 ms)

AssetImportParameters requested are different than current active one (requested -> active):
  custom:framework-win-MediaFoundation: 216162199b28c13a410421893ffa2e32 -> 
  custom:video-decoder-ogg-theora: a1e56fd34408186e4bbccfd4996cb3dc -> 
  custom:container-muxer-webm: aa71ff27fc2769a1b78a27578f13a17b -> 
  custom:container-demuxer-webm: 4f35f7cbe854078d1ac9338744f61a02 -> 
  custom:container-demuxer-ogg: 62fdf1f143b41e24485cea50d1cbac27 -> 
  custom:video-encoder-webm-vp8: eb34c28f22e8b96e1ab97ce403110664 -> 
  custom:video-decoder-webm-vp8: 9c59270c3fd7afecdb556c50c9e8de78 -> 
  custom:graphics/normal-map-encoding: 01000000000000000000000000000000 -> 02000000000000000000000000000000
  custom:audio-decoder-ogg-vorbis: bf7c407c2cedff20999df2af8eb42d56 -> 
  custom:audio-encoder-webm-vorbis: bf7c407c2cedff20999df2af8eb42d56 -> 
========================================================================
Received Prepare
Registering precompiled user dll's ...
Registered in 0.003320 seconds.
Begin MonoManager ReloadAssembly
Native extension for WindowsStandalone target not found
Refreshing native plugins compatible for Editor in 1.05 ms, found 2 plugins.
Preloading 0 native plugins for Editor in 0.00 ms.
Mono: successfully reloaded assembly
- Completed reload, in  1.350 seconds
Platform modules already initialized, skipping
Switching build target platform(19) subTarget(0) extendedPlatform(0) -> platform(13) subTarget(537395200) extendedPlatform(0)
Shader 'Universal Render Pipeline/Particles/Lit': fallback shader 'Universal Render Pipeline/Particles/SimpleLit' not found
Refreshing native plugins compatible for Editor in 1.13 ms, found 2 plugins.
Preloading 0 native plugins for Editor in 0.00 ms.
Unloading 2811 Unused Serialized files (Serialized files now loaded: 0)
System memory in use before: 206.0 MB.
System memory in use after: 206.3 MB.

Unloading 17 unused Assets to reduce memory usage. Loaded Objects now: 3425.
Total: 2.370900 ms (FindLiveObjects: 0.257900 ms CreateObjectMapping: 0.125200 ms MarkObjects: 1.971500 ms  DeleteObjects: 0.015300 ms)

AssetImportParameters requested are different than current active one (requested -> active):
  custom:framework-win-MediaFoundation: 216162199b28c13a410421893ffa2e32 -> 
  custom:video-decoder-ogg-theora: a1e56fd34408186e4bbccfd4996cb3dc -> 
  custom:container-muxer-webm: aa71ff27fc2769a1b78a27578f13a17b -> 
  custom:container-demuxer-webm: 4f35f7cbe854078d1ac9338744f61a02 -> 
  custom:container-demuxer-ogg: 62fdf1f143b41e24485cea50d1cbac27 -> 
  custom:video-encoder-webm-vp8: eb34c28f22e8b96e1ab97ce403110664 -> 
  custom:video-decoder-webm-vp8: 9c59270c3fd7afecdb556c50c9e8de78 -> 
  custom:graphics/normal-map-encoding: 01000000000000000000000000000000 -> 02000000000000000000000000000000
  custom:audio-decoder-ogg-vorbis: bf7c407c2cedff20999df2af8eb42d56 -> 
  custom:audio-encoder-webm-vorbis: bf7c407c2cedff20999df2af8eb42d56 -> 
========================================================================
Received Prepare
Registering precompiled user dll's ...
Registered in 0.003836 seconds.
Begin MonoManager ReloadAssembly
Native extension for WindowsStandalone target not found
Refreshing native plugins compatible for Editor in 1.17 ms, found 2 plugins.
Preloading 0 native plugins for Editor in 0.00 ms.
Mono: successfully reloaded assembly
- Completed reload, in  1.335 seconds
Platform modules already initialized, skipping
Switching build target platform(19) subTarget(0) extendedPlatform(0) -> platform(13) subTarget(537395200) extendedPlatform(0)
Shader 'Universal Render Pipeline/Particles/Lit': fallback shader 'Universal Render Pipeline/Particles/SimpleLit' not found
Refreshing native plugins compatible for Editor in 1.16 ms, found 2 plugins.
Preloading 0 native plugins for Editor in 0.00 ms.
Unloading 2811 Unused Serialized files (Serialized files now loaded: 0)
System memory in use before: 206.0 MB.
System memory in use after: 206.3 MB.

Unloading 17 unused Assets to reduce memory usage. Loaded Objects now: 3427.
Total: 2.633000 ms (FindLiveObjects: 0.315700 ms CreateObjectMapping: 0.133800 ms MarkObjects: 2.163900 ms  DeleteObjects: 0.018800 ms)

AssetImportParameters requested are different than current active one (requested -> active):
  custom:framework-win-MediaFoundation: 216162199b28c13a410421893ffa2e32 -> 
  custom:video-decoder-ogg-theora: a1e56fd34408186e4bbccfd4996cb3dc -> 
  custom:container-muxer-webm: aa71ff27fc2769a1b78a27578f13a17b -> 
  custom:container-demuxer-webm: 4f35f7cbe854078d1ac9338744f61a02 -> 
  custom:container-demuxer-ogg: 62fdf1f143b41e24485cea50d1cbac27 -> 
  custom:video-encoder-webm-vp8: eb34c28f22e8b96e1ab97ce403110664 -> 
  custom:video-decoder-webm-vp8: 9c59270c3fd7afecdb556c50c9e8de78 -> 
  custom:graphics/normal-map-encoding: 01000000000000000000000000000000 -> 02000000000000000000000000000000
  custom:audio-decoder-ogg-vorbis: bf7c407c2cedff20999df2af8eb42d56 -> 
  custom:audio-encoder-webm-vorbis: bf7c407c2cedff20999df2af8eb42d56 -> 
========================================================================
Received Prepare
Registering precompiled user dll's ...
Registered in 0.004149 seconds.
Begin MonoManager ReloadAssembly
Native extension for WindowsStandalone target not found
Refreshing native plugins compatible for Editor in 1.15 ms, found 2 plugins.
Preloading 0 native plugins for Editor in 0.00 ms.
Mono: successfully reloaded assembly
- Completed reload, in  1.327 seconds
Platform modules already initialized, skipping
Switching build target platform(19) subTarget(0) extendedPlatform(0) -> platform(13) subTarget(537395200) extendedPlatform(0)
Shader 'Universal Render Pipeline/Particles/Lit': fallback shader 'Universal Render Pipeline/Particles/SimpleLit' not found
Refreshing native plugins compatible for Editor in 1.20 ms, found 2 plugins.
Preloading 0 native plugins for Editor in 0.00 ms.
Unloading 2811 Unused Serialized files (Serialized files now loaded: 0)
System memory in use before: 206.0 MB.
System memory in use after: 206.3 MB.

Unloading 17 unused Assets to reduce memory usage. Loaded Objects now: 3429.
Total: 4.191400 ms (FindLiveObjects: 0.351200 ms CreateObjectMapping: 0.251900 ms MarkObjects: 3.563700 ms  DeleteObjects: 0.022900 ms)

AssetImportParameters requested are different than current active one (requested -> active):
  custom:framework-win-MediaFoundation: 216162199b28c13a410421893ffa2e32 -> 
  custom:video-decoder-ogg-theora: a1e56fd34408186e4bbccfd4996cb3dc -> 
  custom:container-muxer-webm: aa71ff27fc2769a1b78a27578f13a17b -> 
  custom:container-demuxer-webm: 4f35f7cbe854078d1ac9338744f61a02 -> 
  custom:container-demuxer-ogg: 62fdf1f143b41e24485cea50d1cbac27 -> 
  custom:video-encoder-webm-vp8: eb34c28f22e8b96e1ab97ce403110664 -> 
  custom:video-decoder-webm-vp8: 9c59270c3fd7afecdb556c50c9e8de78 -> 
  custom:graphics/normal-map-encoding: 01000000000000000000000000000000 -> 02000000000000000000000000000000
  custom:audio-decoder-ogg-vorbis: bf7c407c2cedff20999df2af8eb42d56 -> 
  custom:audio-encoder-webm-vorbis: bf7c407c2cedff20999df2af8eb42d56 -> 
========================================================================
Received Prepare
Registering precompiled user dll's ...
Registered in 0.003694 seconds.
Begin MonoManager ReloadAssembly
Native extension for WindowsStandalone target not found
Refreshing native plugins compatible for Editor in 1.25 ms, found 2 plugins.
Preloading 0 native plugins for Editor in 0.00 ms.
Mono: successfully reloaded assembly
- Completed reload, in  1.383 seconds
Platform modules already initialized, skipping
Switching build target platform(19) subTarget(0) extendedPlatform(0) -> platform(13) subTarget(537395200) extendedPlatform(0)
Shader 'Universal Render Pipeline/Particles/Lit': fallback shader 'Universal Render Pipeline/Particles/SimpleLit' not found
Refreshing native plugins compatible for Editor in 1.19 ms, found 2 plugins.
Preloading 0 native plugins for Editor in 0.00 ms.
Unloading 2811 Unused Serialized files (Serialized files now loaded: 0)
System memory in use before: 206.0 MB.
System memory in use after: 206.3 MB.

Unloading 17 unused Assets to reduce memory usage. Loaded Objects now: 3431.
Total: 2.757200 ms (FindLiveObjects: 0.397300 ms CreateObjectMapping: 0.138300 ms MarkObjects: 2.203400 ms  DeleteObjects: 0.017300 ms)

AssetImportParameters requested are different than current active one (requested -> active):
  custom:framework-win-MediaFoundation: 216162199b28c13a410421893ffa2e32 -> 
  custom:video-decoder-ogg-theora: a1e56fd34408186e4bbccfd4996cb3dc -> 
  custom:container-muxer-webm: aa71ff27fc2769a1b78a27578f13a17b -> 
  custom:container-demuxer-webm: 4f35f7cbe854078d1ac9338744f61a02 -> 
  custom:container-demuxer-ogg: 62fdf1f143b41e24485cea50d1cbac27 -> 
  custom:video-encoder-webm-vp8: eb34c28f22e8b96e1ab97ce403110664 -> 
  custom:video-decoder-webm-vp8: 9c59270c3fd7afecdb556c50c9e8de78 -> 
  custom:graphics/normal-map-encoding: 01000000000000000000000000000000 -> 02000000000000000000000000000000
  custom:audio-decoder-ogg-vorbis: bf7c407c2cedff20999df2af8eb42d56 -> 
  custom:audio-encoder-webm-vorbis: bf7c407c2cedff20999df2af8eb42d56 -> 
========================================================================
Received Prepare
Registering precompiled user dll's ...
Registered in 0.003655 seconds.
Begin MonoManager ReloadAssembly
Native extension for WindowsStandalone target not found
Refreshing native plugins compatible for Editor in 1.07 ms, found 2 plugins.
Preloading 0 native plugins for Editor in 0.00 ms.
Mono: successfully reloaded assembly
- Completed reload, in  1.384 seconds
Platform modules already initialized, skipping
Switching build target platform(19) subTarget(0) extendedPlatform(0) -> platform(13) subTarget(537395200) extendedPlatform(0)
Shader 'Universal Render Pipeline/Particles/Lit': fallback shader 'Universal Render Pipeline/Particles/SimpleLit' not found
Refreshing native plugins compatible for Editor in 1.22 ms, found 2 plugins.
Preloading 0 native plugins for Editor in 0.00 ms.
Unloading 2811 Unused Serialized files (Serialized files now loaded: 0)
System memory in use before: 206.0 MB.
System memory in use after: 206.3 MB.

Unloading 17 unused Assets to reduce memory usage. Loaded Objects now: 3433.
Total: 3.190400 ms (FindLiveObjects: 0.277100 ms CreateObjectMapping: 0.134700 ms MarkObjects: 2.756000 ms  DeleteObjects: 0.021500 ms)

AssetImportParameters requested are different than current active one (requested -> active):
  custom:framework-win-MediaFoundation: 216162199b28c13a410421893ffa2e32 -> 
  custom:video-decoder-ogg-theora: a1e56fd34408186e4bbccfd4996cb3dc -> 
  custom:container-muxer-webm: aa71ff27fc2769a1b78a27578f13a17b -> 
  custom:container-demuxer-webm: 4f35f7cbe854078d1ac9338744f61a02 -> 
  custom:container-demuxer-ogg: 62fdf1f143b41e24485cea50d1cbac27 -> 
  custom:video-encoder-webm-vp8: eb34c28f22e8b96e1ab97ce403110664 -> 
  custom:video-decoder-webm-vp8: 9c59270c3fd7afecdb556c50c9e8de78 -> 
  custom:graphics/normal-map-encoding: 01000000000000000000000000000000 -> 02000000000000000000000000000000
  custom:audio-decoder-ogg-vorbis: bf7c407c2cedff20999df2af8eb42d56 -> 
  custom:audio-encoder-webm-vorbis: bf7c407c2cedff20999df2af8eb42d56 -> 
========================================================================
Received Prepare
Registering precompiled user dll's ...
Registered in 0.004091 seconds.
Begin MonoManager ReloadAssembly
Native extension for WindowsStandalone target not found
Refreshing native plugins compatible for Editor in 1.21 ms, found 2 plugins.
Preloading 0 native plugins for Editor in 0.00 ms.
Mono: successfully reloaded assembly
- Completed reload, in  1.511 seconds
Platform modules already initialized, skipping
Switching build target platform(19) subTarget(0) extendedPlatform(0) -> platform(13) subTarget(537395200) extendedPlatform(0)
Shader 'Universal Render Pipeline/Particles/Lit': fallback shader 'Universal Render Pipeline/Particles/SimpleLit' not found
Refreshing native plugins compatible for Editor in 2.71 ms, found 2 plugins.
Preloading 0 native plugins for Editor in 0.00 ms.
Unloading 2811 Unused Serialized files (Serialized files now loaded: 0)
System memory in use before: 206.1 MB.
System memory in use after: 206.3 MB.

Unloading 17 unused Assets to reduce memory usage. Loaded Objects now: 3435.
Total: 4.470400 ms (FindLiveObjects: 0.301100 ms CreateObjectMapping: 0.183800 ms MarkObjects: 3.952700 ms  DeleteObjects: 0.031500 ms)

AssetImportParameters requested are different than current active one (requested -> active):
  custom:framework-win-MediaFoundation: 216162199b28c13a410421893ffa2e32 -> 
  custom:video-decoder-ogg-theora: a1e56fd34408186e4bbccfd4996cb3dc -> 
  custom:container-muxer-webm: aa71ff27fc2769a1b78a27578f13a17b -> 
  custom:container-demuxer-webm: 4f35f7cbe854078d1ac9338744f61a02 -> 
  custom:container-demuxer-ogg: 62fdf1f143b41e24485cea50d1cbac27 -> 
  custom:video-encoder-webm-vp8: eb34c28f22e8b96e1ab97ce403110664 -> 
  custom:video-decoder-webm-vp8: 9c59270c3fd7afecdb556c50c9e8de78 -> 
  custom:graphics/normal-map-encoding: 01000000000000000000000000000000 -> 02000000000000000000000000000000
  custom:audio-decoder-ogg-vorbis: bf7c407c2cedff20999df2af8eb42d56 -> 
  custom:audio-encoder-webm-vorbis: bf7c407c2cedff20999df2af8eb42d56 -> 
========================================================================
Received Import Request.
  Time since last request: 2777.162536 seconds.
  path: Assets/Prefabs/Backup/Test.prefab
  artifactKey: Guid(531d9582eec8e794390eb8e40bd088d7) Importer(815301076,1909f56bfc062723c751e8b465ee728b)
Start importing Assets/Prefabs/Backup/Test.prefab using Guid(531d9582eec8e794390eb8e40bd088d7) Importer(815301076,1909f56bfc062723c751e8b465ee728b)  -> (artifact id: '0362b86730b2fb4488739f94bc5739c2') in 0.521838 seconds 
  Import took 0.532914 seconds .

========================================================================
Received Import Request.
  Time since last request: 5.043612 seconds.
  path: Assets/Prefabs/Backup/Old
  artifactKey: Guid(dc65834c31fad924d94739bb65601c9f) Importer(815301076,1909f56bfc062723c751e8b465ee728b)
Start importing Assets/Prefabs/Backup/Old using Guid(dc65834c31fad924d94739bb65601c9f) Importer(815301076,1909f56bfc062723c751e8b465ee728b)  -> (artifact id: 'df340ce29491e66df6bde308385b7b48') in 0.006630 seconds 
  Import took 0.015543 seconds .

========================================================================
Received Import Request.
  Time since last request: 1.188719 seconds.
  path: Assets/Prefabs/Backup/Camera_Setup.prefab
  artifactKey: Guid(15e2ec6132d19da4cb8ef295559f3105) Importer(815301076,1909f56bfc062723c751e8b465ee728b)
Start importing Assets/Prefabs/Backup/Camera_Setup.prefab using Guid(15e2ec6132d19da4cb8ef295559f3105) Importer(815301076,1909f56bfc062723c751e8b465ee728b)  -> (artifact id: 'e69662330a522a8bce80896ca4f17eee') in 0.025808 seconds 
  Import took 0.031366 seconds .

========================================================================
Received Import Request.
  Time since last request: 0.001917 seconds.
  path: Assets/Prefabs/Backup/Camera_Setup.prefab
  artifactKey: Guid(15e2ec6132d19da4cb8ef295559f3105) Importer(815301076,1909f56bfc062723c751e8b465ee728b)
Start importing Assets/Prefabs/Backup/Camera_Setup.prefab using Guid(15e2ec6132d19da4cb8ef295559f3105) Importer(815301076,1909f56bfc062723c751e8b465ee728b)  -> (artifact id: 'e69662330a522a8bce80896ca4f17eee') in 0.005046 seconds 
  Import took 0.011387 seconds .

========================================================================
Received Import Request.
  Time since last request: 8.667502 seconds.
  path: Assets/Prefabs/Backup/New
  artifactKey: Guid(3306e9dcf15e4da4e9e4df0938c68413) Importer(815301076,1909f56bfc062723c751e8b465ee728b)
Start importing Assets/Prefabs/Backup/New using Guid(3306e9dcf15e4da4e9e4df0938c68413) Importer(815301076,1909f56bfc062723c751e8b465ee728b)  -> (artifact id: 'c4f9c42028b3148e015daa79e04ed64a') in 0.006904 seconds 
  Import took 0.013246 seconds .

========================================================================
Received Import Request.
  Time since last request: 3.106585 seconds.
  path: Assets/Prefabs/Backup/New/Camera_Setup.prefab
  artifactKey: Guid(a8a0e7b1d301b02488681e0f561f9349) Importer(815301076,1909f56bfc062723c751e8b465ee728b)
Start importing Assets/Prefabs/Backup/New/Camera_Setup.prefab using Guid(a8a0e7b1d301b02488681e0f561f9349) Importer(815301076,1909f56bfc062723c751e8b465ee728b)  -> (artifact id: 'd6ee1b97ad19ef7933696a061521f32e') in 0.003430 seconds 
  Import took 0.009725 seconds .

========================================================================
Received Import Request.
  Time since last request: 1.442736 seconds.
  path: Assets/Prefabs/Backup/New/Lighting.prefab
  artifactKey: Guid(0ae29e7476be3cb4cb8c5a139d74ee34) Importer(815301076,1909f56bfc062723c751e8b465ee728b)
Start importing Assets/Prefabs/Backup/New/Lighting.prefab using Guid(0ae29e7476be3cb4cb8c5a139d74ee34) Importer(815301076,1909f56bfc062723c751e8b465ee728b)  -> (artifact id: 'db8a4aec63874e3e024bf1781e6f638e') in 0.005888 seconds 
  Import took 0.011412 seconds .

========================================================================
Received Import Request.
  Time since last request: 1.679458 seconds.
  path: Assets/Prefabs/Backup/New/UI.prefab
  artifactKey: Guid(eefc6c8580a4e284f9f281118502a3d3) Importer(815301076,1909f56bfc062723c751e8b465ee728b)
Start importing Assets/Prefabs/Backup/New/UI.prefab using Guid(eefc6c8580a4e284f9f281118502a3d3) Importer(815301076,1909f56bfc062723c751e8b465ee728b)  -> (artifact id: '852305553d16b1d3e32f6bd753a8d14b') in 0.120623 seconds 
  Import took 0.127236 seconds .

========================================================================
Received Import Request.
  Time since last request: 1.298983 seconds.
  path: Assets/Prefabs/Backup/New/Managers.prefab
  artifactKey: Guid(9b9338808915f48489d8346e86f41796) Importer(815301076,1909f56bfc062723c751e8b465ee728b)
Start importing Assets/Prefabs/Backup/New/Managers.prefab using Guid(9b9338808915f48489d8346e86f41796) Importer(815301076,1909f56bfc062723c751e8b465ee728b)  -> (artifact id: '273e3c796f901cc7779885972f3310f6') in 0.010247 seconds 
  Import took 0.016761 seconds .

========================================================================
Received Import Request.
  Time since last request: 8.488080 seconds.
  path: Assets/Prefabs/Backup/New/Main.prefab
  artifactKey: Guid(37a9de1d254786e4bbbaa9f5539905ae) Importer(815301076,1909f56bfc062723c751e8b465ee728b)
Start importing Assets/Prefabs/Backup/New/Main.prefab using Guid(37a9de1d254786e4bbbaa9f5539905ae) Importer(815301076,1909f56bfc062723c751e8b465ee728b)  -> (artifact id: '9e43972dc908adc26f6fa2eadc3ec9ef') in 2.317324 seconds 
  Import took 2.403332 seconds .

========================================================================
Received Import Request.
  Time since last request: 5.490662 seconds.
  path: Assets/Prefabs/Backup/New/Environment.prefab
  artifactKey: Guid(020b448934eb11b429ae5f6e80d40904) Importer(815301076,1909f56bfc062723c751e8b465ee728b)
Start importing Assets/Prefabs/Backup/New/Environment.prefab using Guid(020b448934eb11b429ae5f6e80d40904) Importer(815301076,1909f56bfc062723c751e8b465ee728b)  -> (artifact id: '7f92ef5a7ff5fbe8904452ee31f45d6f') in 0.121542 seconds 
  Import took 0.128398 seconds .

========================================================================
Received Import Request.
  Time since last request: 64.171644 seconds.
  path: Assets/Prefabs/Backup/Enemies
  artifactKey: Guid(4870126b06aa85e48b71c0396c654215) Importer(815301076,1909f56bfc062723c751e8b465ee728b)
Start importing Assets/Prefabs/Backup/Enemies using Guid(4870126b06aa85e48b71c0396c654215) Importer(815301076,1909f56bfc062723c751e8b465ee728b)  -> (artifact id: '650950cb2a77c9d922d4e92c4d2bb2cc') in 0.006562 seconds 
  Import took 0.012527 seconds .

========================================================================
Received Import Request.
  Time since last request: 2.516773 seconds.
  path: Assets/Prefabs/Backup/Enemies/EnemyShooting (Test).prefab
  artifactKey: Guid(24ece6fd45147294797a1878e4deffcb) Importer(815301076,1909f56bfc062723c751e8b465ee728b)
Start importing Assets/Prefabs/Backup/Enemies/EnemyShooting (Test).prefab using Guid(24ece6fd45147294797a1878e4deffcb) Importer(815301076,1909f56bfc062723c751e8b465ee728b)  -> (artifact id: '3f24145c4b5a12ee4ec9a3f5a8a03cd3') in 0.180906 seconds 
  Import took 0.197541 seconds .

========================================================================
Received Import Request.
  Time since last request: 8.419498 seconds.
  path: Assets/Prefabs/Backup/Enemies/EnemyShooting (Tornado).prefab
  artifactKey: Guid(24ece6fd45147294797a1878e4deffcb) Importer(815301076,1909f56bfc062723c751e8b465ee728b)
Start importing Assets/Prefabs/Backup/Enemies/EnemyShooting (Tornado).prefab using Guid(24ece6fd45147294797a1878e4deffcb) Importer(815301076,1909f56bfc062723c751e8b465ee728b)  -> (artifact id: '3646c8f43e00d65fc4ce1a9900e718b1') in 0.179461 seconds 
  Import took 0.186839 seconds .

========================================================================
Received Import Request.
  Time since last request: 1.834360 seconds.
  path: Assets/Prefabs/Backup/Enemies/EnemyShooting (Test) (1).prefab
  artifactKey: Guid(c7b1a5a9a12988045ba946719882507a) Importer(815301076,1909f56bfc062723c751e8b465ee728b)
Start importing Assets/Prefabs/Backup/Enemies/EnemyShooting (Test) (1).prefab using Guid(c7b1a5a9a12988045ba946719882507a) Importer(815301076,1909f56bfc062723c751e8b465ee728b)  -> (artifact id: '5ef6f34ae502a0c013fa9d5786c7b70e') in 0.192884 seconds 
  Import took 0.199852 seconds .

========================================================================
Received Import Request.
  Time since last request: 4.691706 seconds.
  path: Assets/Prefabs/Backup/Enemies/EnemyShooting.prefab
  artifactKey: Guid(c7b1a5a9a12988045ba946719882507a) Importer(815301076,1909f56bfc062723c751e8b465ee728b)
Start importing Assets/Prefabs/Backup/Enemies/EnemyShooting.prefab using Guid(c7b1a5a9a12988045ba946719882507a) Importer(815301076,1909f56bfc062723c751e8b465ee728b)  -> (artifact id: '83f17f7285311d7ed899fea605bb026a') in 0.197531 seconds 
  Import took 0.206142 seconds .

========================================================================
Received Import Request.
  Time since last request: 7.052194 seconds.
  path: Assets/Prefabs/Backup/Enemies/EnemyShooting (Barrel).prefab
  artifactKey: Guid(c7b1a5a9a12988045ba946719882507a) Importer(815301076,1909f56bfc062723c751e8b465ee728b)
Start importing Assets/Prefabs/Backup/Enemies/EnemyShooting (Barrel).prefab using Guid(c7b1a5a9a12988045ba946719882507a) Importer(815301076,1909f56bfc062723c751e8b465ee728b)  -> (artifact id: 'e0caa2d701089ac16dccf6b7faa44b48') in 0.174035 seconds 
  Import took 0.190290 seconds .

========================================================================
Received Import Request.
  Time since last request: 8.372516 seconds.
  path: Assets/Prefabs/Backup/Enemies/CowardEnemy (01).prefab
  artifactKey: Guid(66c0380dc177d26429385055a4f4ef33) Importer(815301076,1909f56bfc062723c751e8b465ee728b)
Start importing Assets/Prefabs/Backup/Enemies/CowardEnemy (01).prefab using Guid(66c0380dc177d26429385055a4f4ef33) Importer(815301076,1909f56bfc062723c751e8b465ee728b)  -> (artifact id: '0ec3678ac8285e5f032ce7bd37ac0efd') in 0.186267 seconds 
  Import took 0.201961 seconds .

========================================================================
Received Import Request.
  Time since last request: 6.562690 seconds.
  path: Assets/Prefabs/Backup/Enemies/IdleRagdolls.prefab
  artifactKey: Guid(66c0380dc177d26429385055a4f4ef33) Importer(815301076,1909f56bfc062723c751e8b465ee728b)
Start importing Assets/Prefabs/Backup/Enemies/IdleRagdolls.prefab using Guid(66c0380dc177d26429385055a4f4ef33) Importer(815301076,1909f56bfc062723c751e8b465ee728b)  -> (artifact id: 'd248a2d67a0a32c03d5332beb540718b') in 0.188234 seconds 
  Import took 0.203717 seconds .

========================================================================
Received Import Request.
  Time since last request: 7.396087 seconds.
  path: Assets/Prefabs/Backup/Enemies/Giant Final Rigged.prefab
  artifactKey: Guid(a3e2ac36a1ee1f94283d02fdd7c2128d) Importer(815301076,1909f56bfc062723c751e8b465ee728b)
Start importing Assets/Prefabs/Backup/Enemies/Giant Final Rigged.prefab using Guid(a3e2ac36a1ee1f94283d02fdd7c2128d) Importer(815301076,1909f56bfc062723c751e8b465ee728b)  -> (artifact id: '4eb4d321fe2c3ba53498a55ee1e729fd') in 0.375637 seconds 
  Import took 0.389980 seconds .

========================================================================
Received Import Request.
  Time since last request: 6.524984 seconds.
  path: Assets/Prefabs/Backup/Enemies/Giant Final Rigged (Side).prefab
  artifactKey: Guid(a3e2ac36a1ee1f94283d02fdd7c2128d) Importer(815301076,1909f56bfc062723c751e8b465ee728b)
Start importing Assets/Prefabs/Backup/Enemies/Giant Final Rigged (Side).prefab using Guid(a3e2ac36a1ee1f94283d02fdd7c2128d) Importer(815301076,1909f56bfc062723c751e8b465ee728b)  -> (artifact id: '5e67953e8cafe7331a2d91d09360a18d') in 0.238229 seconds 
  Import took 0.244099 seconds .

========================================================================
Received Import Request.
  Time since last request: 32.100963 seconds.
  path: Assets/Prefabs/Backup/Enemies/BossEnemies.prefab
  artifactKey: Guid(100ce965dfd32bf4aba8cb1eed13f7ab) Importer(815301076,1909f56bfc062723c751e8b465ee728b)
Start importing Assets/Prefabs/Backup/Enemies/BossEnemies.prefab using Guid(100ce965dfd32bf4aba8cb1eed13f7ab) Importer(815301076,1909f56bfc062723c751e8b465ee728b)  -> (artifact id: '22a8553c8cf0057f8b3e95f8ff0d7642') in 0.015998 seconds 
  Import took 0.024283 seconds .

========================================================================
Received Import Request.
  Time since last request: 3.042228 seconds.
  path: Assets/Prefabs/Backup/Enemies/Bigg Boss.prefab
  artifactKey: Guid(3464818d6a61b7f408a6c913783d2ec8) Importer(815301076,1909f56bfc062723c751e8b465ee728b)
Start importing Assets/Prefabs/Backup/Enemies/Bigg Boss.prefab using Guid(3464818d6a61b7f408a6c913783d2ec8) Importer(815301076,1909f56bfc062723c751e8b465ee728b)  -> (artifact id: '34fd1ee5e1ad3980f91f69f3f6b86154') in 0.021404 seconds 
  Import took 0.029480 seconds .

========================================================================
Received Import Request.
  Time since last request: 10.823191 seconds.
  path: Assets/Prefabs/Backup/Pickups
  artifactKey: Guid(c414a2c6a9589f945b787b8882d44f35) Importer(815301076,1909f56bfc062723c751e8b465ee728b)
Start importing Assets/Prefabs/Backup/Pickups using Guid(c414a2c6a9589f945b787b8882d44f35) Importer(815301076,1909f56bfc062723c751e8b465ee728b)  -> (artifact id: '4cf412273f40e76d0dd23aa5210971a5') in 0.005331 seconds 
  Import took 0.011685 seconds .

========================================================================
Received Import Request.
  Time since last request: 7.257883 seconds.
  path: Assets/Prefabs/Backup/Pickups/HammerPickup (01).prefab
  artifactKey: Guid(c6b8f7923e9e3d24c8899282967795d7) Importer(815301076,1909f56bfc062723c751e8b465ee728b)
Start importing Assets/Prefabs/Backup/Pickups/HammerPickup (01).prefab using Guid(c6b8f7923e9e3d24c8899282967795d7) Importer(815301076,1909f56bfc062723c751e8b465ee728b)  -> (artifact id: '1a8de2f37ac7e6ad68a457e01a117813') in 0.007396 seconds 
  Import took 0.014109 seconds .

========================================================================
Received Import Request.
  Time since last request: 1.592950 seconds.
  path: Assets/Prefabs/Backup/Pickups/MagicPickup (01).prefab
  artifactKey: Guid(fd547fa41d0482a47921876e0c3b586a) Importer(815301076,1909f56bfc062723c751e8b465ee728b)
Start importing Assets/Prefabs/Backup/Pickups/MagicPickup (01).prefab using Guid(fd547fa41d0482a47921876e0c3b586a) Importer(815301076,1909f56bfc062723c751e8b465ee728b)  -> (artifact id: '16202a36020eef582380acabafa0a7e4') in 0.008983 seconds 
  Import took 0.015477 seconds .

========================================================================
Received Import Request.
  Time since last request: 1.745269 seconds.
  path: Assets/Prefabs/Backup/Pickups/SizePickup (01).prefab
  artifactKey: Guid(6eb8423f232b9de47a3c305eca26e092) Importer(815301076,1909f56bfc062723c751e8b465ee728b)
Start importing Assets/Prefabs/Backup/Pickups/SizePickup (01).prefab using Guid(6eb8423f232b9de47a3c305eca26e092) Importer(815301076,1909f56bfc062723c751e8b465ee728b)  -> (artifact id: '55af737f5001fa5d61cc2f83fa150e7c') in 0.027223 seconds 
  Import took 0.033248 seconds .

========================================================================
Received Import Request.
  Time since last request: 1.364596 seconds.
  path: Assets/Prefabs/Backup/Pickups/MultiplerPickup (01).prefab
  artifactKey: Guid(8da10c01f89487c43939e13658bad2e6) Importer(815301076,1909f56bfc062723c751e8b465ee728b)
Start importing Assets/Prefabs/Backup/Pickups/MultiplerPickup (01).prefab using Guid(8da10c01f89487c43939e13658bad2e6) Importer(815301076,1909f56bfc062723c751e8b465ee728b)  -> (artifact id: '6d14299aef5386a5b7fe358dcb92ca51') in 0.007429 seconds 
  Import took 0.014173 seconds .

========================================================================
Received Import Request.
  Time since last request: 2.660062 seconds.
  path: Assets/Prefabs/Backup/Pickups/SwordPickup (01).prefab
  artifactKey: Guid(cdfd382054c16fc47bbeb9c6f1142a81) Importer(815301076,1909f56bfc062723c751e8b465ee728b)
Start importing Assets/Prefabs/Backup/Pickups/SwordPickup (01).prefab using Guid(cdfd382054c16fc47bbeb9c6f1142a81) Importer(815301076,1909f56bfc062723c751e8b465ee728b)  -> (artifact id: '791368823561a0a0c1fcb2f49cd0e5f2') in 0.009133 seconds 
  Import took 0.014970 seconds .

========================================================================
Received Import Request.
  Time since last request: 10.934351 seconds.
  path: Assets/Prefabs/Backup/Pickups/GemPickup.prefab
  artifactKey: Guid(bf9d2f6a6ec92e74bb3819368979ce47) Importer(815301076,1909f56bfc062723c751e8b465ee728b)
Start importing Assets/Prefabs/Backup/Pickups/GemPickup.prefab using Guid(bf9d2f6a6ec92e74bb3819368979ce47) Importer(815301076,1909f56bfc062723c751e8b465ee728b)  -> (artifact id: 'de48642cff289f990fbe0913c25a9b05') in 0.182733 seconds 
  Import took 0.188274 seconds .

========================================================================
Received Import Request.
  Time since last request: 14.017674 seconds.
  path: Assets/Prefabs/Backup/Enemies/Trigger 1.prefab
  artifactKey: Guid(1484f3bc9b3114a41998809db161ad29) Importer(815301076,1909f56bfc062723c751e8b465ee728b)
Start importing Assets/Prefabs/Backup/Enemies/Trigger 1.prefab using Guid(1484f3bc9b3114a41998809db161ad29) Importer(815301076,1909f56bfc062723c751e8b465ee728b)  -> (artifact id: '579cff0fb8302dfdb87d2274a992eed1') in 0.006398 seconds 
  Import took 0.013129 seconds .

========================================================================
Received Import Request.
  Time since last request: 11.517030 seconds.
  path: Assets/Prefabs/Backup/Obstacles
  artifactKey: Guid(36be219678f02e94c9d4089ac8b13bab) Importer(815301076,1909f56bfc062723c751e8b465ee728b)
Start importing Assets/Prefabs/Backup/Obstacles using Guid(36be219678f02e94c9d4089ac8b13bab) Importer(815301076,1909f56bfc062723c751e8b465ee728b)  -> (artifact id: '2c22022233908640753c89e0ce2e557a') in 0.001808 seconds 
  Import took 0.008401 seconds .

========================================================================
Received Import Request.
  Time since last request: 2.736985 seconds.
  path: Assets/Prefabs/Backup/Obstacles/Overhead Trap.prefab
  artifactKey: Guid(5a418201917a96f448656f2b690f794c) Importer(815301076,1909f56bfc062723c751e8b465ee728b)
Start importing Assets/Prefabs/Backup/Obstacles/Overhead Trap.prefab using Guid(5a418201917a96f448656f2b690f794c) Importer(815301076,1909f56bfc062723c751e8b465ee728b)  -> (artifact id: 'a2917e0850b9c032a492a5aeed77bf19') in 0.013610 seconds 
  Import took 0.019384 seconds .

========================================================================
Received Import Request.
  Time since last request: 1.446301 seconds.
  path: Assets/Prefabs/Backup/Obstacles/Hammer.prefab
  artifactKey: Guid(4f0976155d744124aa9369ed86d6cc6c) Importer(815301076,1909f56bfc062723c751e8b465ee728b)
Start importing Assets/Prefabs/Backup/Obstacles/Hammer.prefab using Guid(4f0976155d744124aa9369ed86d6cc6c) Importer(815301076,1909f56bfc062723c751e8b465ee728b)  -> (artifact id: '6452f8ac2ec17cc05a94b823f331aba7') in 0.012095 seconds 
  Import took 0.017877 seconds .

========================================================================
Received Import Request.
  Time since last request: 34.779669 seconds.
  path: Assets/Prefabs/Backup/Main
  artifactKey: Guid(fc89c4cac7cb8d941af92034c334b5cf) Importer(815301076,1909f56bfc062723c751e8b465ee728b)
Start importing Assets/Prefabs/Backup/Main using Guid(fc89c4cac7cb8d941af92034c334b5cf) Importer(815301076,1909f56bfc062723c751e8b465ee728b)  -> (artifact id: '143ec29b0d3cf6f965cb1159e78b9fb2') in 0.001336 seconds 
  Import took 0.007377 seconds .

========================================================================
Received Import Request.
  Time since last request: 3.299675 seconds.
  path: Assets/Prefabs/Backup/Main/Player.prefab
  artifactKey: Guid(508069f2168c8804495707b6abf31140) Importer(815301076,1909f56bfc062723c751e8b465ee728b)
Start importing Assets/Prefabs/Backup/Main/Player.prefab using Guid(508069f2168c8804495707b6abf31140) Importer(815301076,1909f56bfc062723c751e8b465ee728b)  -> (artifact id: '34e88d31763de35216c9290be6f84bcf') in 0.690940 seconds 
  Import took 0.708003 seconds .

========================================================================
Received Import Request.
  Time since last request: 1.509724 seconds.
  path: Assets/Prefabs/Backup/Main/FollowParticleEffects.prefab
  artifactKey: Guid(1bfdd7c9233b5d645b2542fb38f40368) Importer(815301076,1909f56bfc062723c751e8b465ee728b)
Start importing Assets/Prefabs/Backup/Main/FollowParticleEffects.prefab using Guid(1bfdd7c9233b5d645b2542fb38f40368) Importer(815301076,1909f56bfc062723c751e8b465ee728b)  -> (artifact id: '080c214d7c6bddc594f29bf6fa19ac33') in 0.008060 seconds 
  Import took 0.014242 seconds .

========================================================================
Received Import Request.
  Time since last request: 8.424967 seconds.
  path: Assets/Prefabs/Backup/Main/PlayerNormalAttackTypes.prefab
  artifactKey: Guid(ca0e47a4cb7b2234f8f3628159828f4e) Importer(815301076,1909f56bfc062723c751e8b465ee728b)
Start importing Assets/Prefabs/Backup/Main/PlayerNormalAttackTypes.prefab using Guid(ca0e47a4cb7b2234f8f3628159828f4e) Importer(815301076,1909f56bfc062723c751e8b465ee728b)  -> (artifact id: '35c22b7648b89873aea20286c08a5192') in 0.196688 seconds 
  Import took 0.283356 seconds .

========================================================================
Received Import Request.
  Time since last request: 924.114831 seconds.
  path: Assets/AssetPacks/Obstacles/TRAPS AND OBSTACLES/Traps-Obstacles/Animators/Obstacle-13.controller
  artifactKey: Guid(08a0073a0c8b9e74188cc62a391babaf) Importer(815301076,1909f56bfc062723c751e8b465ee728b)
Start importing Assets/AssetPacks/Obstacles/TRAPS AND OBSTACLES/Traps-Obstacles/Animators/Obstacle-13.controller using Guid(08a0073a0c8b9e74188cc62a391babaf) Importer(815301076,1909f56bfc062723c751e8b465ee728b)  -> (artifact id: '48c83810b6c3278c0925ee3dadc68506') in 0.006913 seconds 
  Import took 0.014345 seconds .

========================================================================
Received Import Request.
  Time since last request: 0.002239 seconds.
  path: Assets/AssetPacks/Obstacles/TRAPS AND OBSTACLES/Traps-Obstacles/Animators/Obstacle-13.controller
  artifactKey: Guid(08a0073a0c8b9e74188cc62a391babaf) Importer(815301076,1909f56bfc062723c751e8b465ee728b)
Start importing Assets/AssetPacks/Obstacles/TRAPS AND OBSTACLES/Traps-Obstacles/Animators/Obstacle-13.controller using Guid(08a0073a0c8b9e74188cc62a391babaf) Importer(815301076,1909f56bfc062723c751e8b465ee728b)  -> (artifact id: '48c83810b6c3278c0925ee3dadc68506') in 0.002165 seconds 
  Import took 0.007976 seconds .

========================================================================
Received Import Request.
  Time since last request: 56.604542 seconds.
  path: Assets/AssetPacks/Obstacles/TRAPS AND OBSTACLES/Traps-Obstacles/Models/FBX_Temp.anim
  artifactKey: Guid(af42916e44c0cdf4f9e09e1e4d95f540) Importer(815301076,1909f56bfc062723c751e8b465ee728b)
Start importing Assets/AssetPacks/Obstacles/TRAPS AND OBSTACLES/Traps-Obstacles/Models/FBX_Temp.anim using Guid(af42916e44c0cdf4f9e09e1e4d95f540) Importer(815301076,1909f56bfc062723c751e8b465ee728b)  -> (artifact id: 'eb1c7fd2b7039299361728ed1dec4ad9') in 0.008831 seconds 
  Import took 0.015499 seconds .

========================================================================
Received Import Request.
  Time since last request: 4.381579 seconds.
  path: Assets/AssetPacks/Obstacles/TRAPS AND OBSTACLES/Traps-Obstacles/Models/FBX_Temp_oneSide.anim
  artifactKey: Guid(af42916e44c0cdf4f9e09e1e4d95f540) Importer(815301076,1909f56bfc062723c751e8b465ee728b)
Start importing Assets/AssetPacks/Obstacles/TRAPS AND OBSTACLES/Traps-Obstacles/Models/FBX_Temp_oneSide.anim using Guid(af42916e44c0cdf4f9e09e1e4d95f540) Importer(815301076,1909f56bfc062723c751e8b465ee728b)  -> (artifact id: 'c9d18ee57031e279f907756b3b1eee17') in 0.006764 seconds 
  Import took 0.020894 seconds .

========================================================================
Received Prepare
Registering precompiled user dll's ...
Registered in 0.003587 seconds.
Begin MonoManager ReloadAssembly
Native extension for WindowsStandalone target not found
Refreshing native plugins compatible for Editor in 1.29 ms, found 2 plugins.
Preloading 0 native plugins for Editor in 0.00 ms.
Mono: successfully reloaded assembly
- Completed reload, in  1.778 seconds
Platform modules already initialized, skipping
Switching build target platform(19) subTarget(0) extendedPlatform(0) -> platform(13) subTarget(537395200) extendedPlatform(0)
Shader 'Universal Render Pipeline/Particles/Lit': fallback shader 'Universal Render Pipeline/Particles/SimpleLit' not found
Refreshing native plugins compatible for Editor in 1.24 ms, found 2 plugins.
Preloading 0 native plugins for Editor in 0.00 ms.
Unloading 2811 Unused Serialized files (Serialized files now loaded: 0)
System memory in use before: 231.5 MB.
System memory in use after: 231.7 MB.

Unloading 18 unused Assets to reduce memory usage. Loaded Objects now: 3487.
Total: 3.528400 ms (FindLiveObjects: 0.325900 ms CreateObjectMapping: 0.220800 ms MarkObjects: 2.950800 ms  DeleteObjects: 0.029500 ms)

AssetImportParameters requested are different than current active one (requested -> active):
  custom:framework-win-MediaFoundation: 216162199b28c13a410421893ffa2e32 -> 
  custom:video-decoder-ogg-theora: a1e56fd34408186e4bbccfd4996cb3dc -> 
  custom:container-muxer-webm: aa71ff27fc2769a1b78a27578f13a17b -> 
  custom:container-demuxer-webm: 4f35f7cbe854078d1ac9338744f61a02 -> 
  custom:container-demuxer-ogg: 62fdf1f143b41e24485cea50d1cbac27 -> 
  custom:video-encoder-webm-vp8: eb34c28f22e8b96e1ab97ce403110664 -> 
  custom:video-decoder-webm-vp8: 9c59270c3fd7afecdb556c50c9e8de78 -> 
  custom:graphics/normal-map-encoding: 01000000000000000000000000000000 -> 02000000000000000000000000000000
  custom:audio-decoder-ogg-vorbis: bf7c407c2cedff20999df2af8eb42d56 -> 
  custom:audio-encoder-webm-vorbis: bf7c407c2cedff20999df2af8eb42d56 -> 
========================================================================
Received Import Request.
  Time since last request: 201.596202 seconds.
  path: Assets/AssetPacks/Obstacles/TRAPS AND OBSTACLES/Traps-Obstacles/Animators/Obstacle-13 1.controller
  artifactKey: Guid(825d3c7a2ba7bf94eaccc1994c5330e7) Importer(815301076,1909f56bfc062723c751e8b465ee728b)
Start importing Assets/AssetPacks/Obstacles/TRAPS AND OBSTACLES/Traps-Obstacles/Animators/Obstacle-13 1.controller using Guid(825d3c7a2ba7bf94eaccc1994c5330e7) Importer(815301076,1909f56bfc062723c751e8b465ee728b)  -> (artifact id: '8b0f861a0205f90d38cddf93e1aee672') in 0.022562 seconds 
  Import took 0.030271 seconds .

========================================================================
Received Import Request.
  Time since last request: 4.469324 seconds.
  path: Assets/AssetPacks/Obstacles/TRAPS AND OBSTACLES/Traps-Obstacles/Animators/Obstacle-14.controller
  artifactKey: Guid(825d3c7a2ba7bf94eaccc1994c5330e7) Importer(815301076,1909f56bfc062723c751e8b465ee728b)
Start importing Assets/AssetPacks/Obstacles/TRAPS AND OBSTACLES/Traps-Obstacles/Animators/Obstacle-14.controller using Guid(825d3c7a2ba7bf94eaccc1994c5330e7) Importer(815301076,1909f56bfc062723c751e8b465ee728b)  -> (artifact id: 'fb4972409e4321404221730051f9f670') in 0.007673 seconds 
  Import took 0.013678 seconds .

========================================================================
Received Prepare
Registering precompiled user dll's ...
Registered in 0.004114 seconds.
Begin MonoManager ReloadAssembly
Native extension for WindowsStandalone target not found
Refreshing native plugins compatible for Editor in 1.24 ms, found 2 plugins.
Preloading 0 native plugins for Editor in 0.00 ms.
Mono: successfully reloaded assembly
- Completed reload, in  1.447 seconds
Platform modules already initialized, skipping
Switching build target platform(19) subTarget(0) extendedPlatform(0) -> platform(13) subTarget(537395200) extendedPlatform(0)
Shader 'Universal Render Pipeline/Particles/Lit': fallback shader 'Universal Render Pipeline/Particles/SimpleLit' not found
Refreshing native plugins compatible for Editor in 1.06 ms, found 2 plugins.
Preloading 0 native plugins for Editor in 0.00 ms.
Unloading 2811 Unused Serialized files (Serialized files now loaded: 0)
System memory in use before: 231.5 MB.
System memory in use after: 231.8 MB.

Unloading 17 unused Assets to reduce memory usage. Loaded Objects now: 3489.
Total: 3.028500 ms (FindLiveObjects: 0.265900 ms CreateObjectMapping: 0.138500 ms MarkObjects: 2.597500 ms  DeleteObjects: 0.025500 ms)

AssetImportParameters requested are different than current active one (requested -> active):
  custom:framework-win-MediaFoundation: 216162199b28c13a410421893ffa2e32 -> 
  custom:video-decoder-ogg-theora: a1e56fd34408186e4bbccfd4996cb3dc -> 
  custom:container-muxer-webm: aa71ff27fc2769a1b78a27578f13a17b -> 
  custom:container-demuxer-webm: 4f35f7cbe854078d1ac9338744f61a02 -> 
  custom:container-demuxer-ogg: 62fdf1f143b41e24485cea50d1cbac27 -> 
  custom:video-encoder-webm-vp8: eb34c28f22e8b96e1ab97ce403110664 -> 
  custom:video-decoder-webm-vp8: 9c59270c3fd7afecdb556c50c9e8de78 -> 
  custom:graphics/normal-map-encoding: 01000000000000000000000000000000 -> 02000000000000000000000000000000
  custom:audio-decoder-ogg-vorbis: bf7c407c2cedff20999df2af8eb42d56 -> 
  custom:audio-encoder-webm-vorbis: bf7c407c2cedff20999df2af8eb42d56 -> 
========================================================================
Received Import Request.
  Time since last request: 264.518362 seconds.
  path: Assets/Prefabs/Environment
  artifactKey: Guid(50698ee9c277ef6439d1c5975a5fd3e6) Importer(815301076,1909f56bfc062723c751e8b465ee728b)
Start importing Assets/Prefabs/Environment using Guid(50698ee9c277ef6439d1c5975a5fd3e6) Importer(815301076,1909f56bfc062723c751e8b465ee728b)  -> (artifact id: 'a57109d4c4a9a0f631df1feb214a08ff') in 0.011881 seconds 
  Import took 0.018607 seconds .

========================================================================
Received Import Request.
  Time since last request: 6.704876 seconds.
  path: Assets/Prefabs/Environment/Platform.prefab
  artifactKey: Guid(b077909709351df42b4198343c565460) Importer(815301076,1909f56bfc062723c751e8b465ee728b)
Start importing Assets/Prefabs/Environment/Platform.prefab using Guid(b077909709351df42b4198343c565460) Importer(815301076,1909f56bfc062723c751e8b465ee728b)  -> (artifact id: '4e180ea756f759d6ed7855ed9d202d62') in 0.028477 seconds 
  Import took 0.035529 seconds .

========================================================================
Received Import Request.
  Time since last request: 1.271298 seconds.
  path: Assets/Prefabs/Environment/HCG Path Platform.prefab
  artifactKey: Guid(d8169a8392a593949831af240184cf9e) Importer(815301076,1909f56bfc062723c751e8b465ee728b)
Start importing Assets/Prefabs/Environment/HCG Path Platform.prefab using Guid(d8169a8392a593949831af240184cf9e) Importer(815301076,1909f56bfc062723c751e8b465ee728b)  -> (artifact id: '1603c7f6d251c99342acb71bb4178535') in 0.178437 seconds 
  Import took 0.184455 seconds .

========================================================================
Received Prepare
Registering precompiled user dll's ...
Registered in 0.003374 seconds.
Begin MonoManager ReloadAssembly
Native extension for WindowsStandalone target not found
Refreshing native plugins compatible for Editor in 1.30 ms, found 2 plugins.
Preloading 0 native plugins for Editor in 0.00 ms.
Mono: successfully reloaded assembly
- Completed reload, in  1.507 seconds
Platform modules already initialized, skipping
Switching build target platform(19) subTarget(0) extendedPlatform(0) -> platform(13) subTarget(537395200) extendedPlatform(0)
Shader 'Universal Render Pipeline/Particles/Lit': fallback shader 'Universal Render Pipeline/Particles/SimpleLit' not found
Refreshing native plugins compatible for Editor in 1.96 ms, found 2 plugins.
Preloading 0 native plugins for Editor in 0.00 ms.
Unloading 2811 Unused Serialized files (Serialized files now loaded: 0)
System memory in use before: 232.1 MB.
System memory in use after: 232.3 MB.

Unloading 17 unused Assets to reduce memory usage. Loaded Objects now: 3527.
Total: 3.128700 ms (FindLiveObjects: 0.380900 ms CreateObjectMapping: 0.178200 ms MarkObjects: 2.547400 ms  DeleteObjects: 0.021400 ms)

AssetImportParameters requested are different than current active one (requested -> active):
  custom:framework-win-MediaFoundation: 216162199b28c13a410421893ffa2e32 -> 
  custom:video-decoder-ogg-theora: a1e56fd34408186e4bbccfd4996cb3dc -> 
  custom:container-muxer-webm: aa71ff27fc2769a1b78a27578f13a17b -> 
  custom:container-demuxer-webm: 4f35f7cbe854078d1ac9338744f61a02 -> 
  custom:container-demuxer-ogg: 62fdf1f143b41e24485cea50d1cbac27 -> 
  custom:video-encoder-webm-vp8: eb34c28f22e8b96e1ab97ce403110664 -> 
  custom:video-decoder-webm-vp8: 9c59270c3fd7afecdb556c50c9e8de78 -> 
  custom:graphics/normal-map-encoding: 01000000000000000000000000000000 -> 02000000000000000000000000000000
  custom:audio-decoder-ogg-vorbis: bf7c407c2cedff20999df2af8eb42d56 -> 
  custom:audio-encoder-webm-vorbis: bf7c407c2cedff20999df2af8eb42d56 -> 
========================================================================
Received Prepare
Registering precompiled user dll's ...
Registered in 0.004102 seconds.
Begin MonoManager ReloadAssembly
Native extension for WindowsStandalone target not found
Refreshing native plugins compatible for Editor in 1.18 ms, found 2 plugins.
Preloading 0 native plugins for Editor in 0.00 ms.
Mono: successfully reloaded assembly
- Completed reload, in  1.606 seconds
Platform modules already initialized, skipping
Switching build target platform(19) subTarget(0) extendedPlatform(0) -> platform(13) subTarget(537395200) extendedPlatform(0)
Shader 'Universal Render Pipeline/Particles/Lit': fallback shader 'Universal Render Pipeline/Particles/SimpleLit' not found
Refreshing native plugins compatible for Editor in 1.28 ms, found 2 plugins.
Preloading 0 native plugins for Editor in 0.00 ms.
Unloading 2811 Unused Serialized files (Serialized files now loaded: 0)
System memory in use before: 232.1 MB.
System memory in use after: 232.3 MB.

Unloading 17 unused Assets to reduce memory usage. Loaded Objects now: 3529.
Total: 4.378800 ms (FindLiveObjects: 0.737900 ms CreateObjectMapping: 0.397900 ms MarkObjects: 3.216200 ms  DeleteObjects: 0.025200 ms)

AssetImportParameters requested are different than current active one (requested -> active):
  custom:framework-win-MediaFoundation: 216162199b28c13a410421893ffa2e32 -> 
  custom:video-decoder-ogg-theora: a1e56fd34408186e4bbccfd4996cb3dc -> 
  custom:container-muxer-webm: aa71ff27fc2769a1b78a27578f13a17b -> 
  custom:container-demuxer-webm: 4f35f7cbe854078d1ac9338744f61a02 -> 
  custom:container-demuxer-ogg: 62fdf1f143b41e24485cea50d1cbac27 -> 
  custom:video-encoder-webm-vp8: eb34c28f22e8b96e1ab97ce403110664 -> 
  custom:video-decoder-webm-vp8: 9c59270c3fd7afecdb556c50c9e8de78 -> 
  custom:graphics/normal-map-encoding: 01000000000000000000000000000000 -> 02000000000000000000000000000000
  custom:audio-decoder-ogg-vorbis: bf7c407c2cedff20999df2af8eb42d56 -> 
  custom:audio-encoder-webm-vorbis: bf7c407c2cedff20999df2af8eb42d56 -> 
========================================================================
Received Prepare
Registering precompiled user dll's ...
Registered in 0.004297 seconds.
Begin MonoManager ReloadAssembly
Native extension for WindowsStandalone target not found
Refreshing native plugins compatible for Editor in 1.52 ms, found 2 plugins.
Preloading 0 native plugins for Editor in 0.00 ms.
Mono: successfully reloaded assembly
- Completed reload, in  1.518 seconds
Platform modules already initialized, skipping
Switching build target platform(19) subTarget(0) extendedPlatform(0) -> platform(13) subTarget(537395200) extendedPlatform(0)
Shader 'Universal Render Pipeline/Particles/Lit': fallback shader 'Universal Render Pipeline/Particles/SimpleLit' not found
Refreshing native plugins compatible for Editor in 1.02 ms, found 2 plugins.
Preloading 0 native plugins for Editor in 0.00 ms.
Unloading 2811 Unused Serialized files (Serialized files now loaded: 0)
System memory in use before: 232.1 MB.
System memory in use after: 232.3 MB.

Unloading 17 unused Assets to reduce memory usage. Loaded Objects now: 3531.
Total: 2.463900 ms (FindLiveObjects: 0.238100 ms CreateObjectMapping: 0.120200 ms MarkObjects: 2.089600 ms  DeleteObjects: 0.015300 ms)

AssetImportParameters requested are different than current active one (requested -> active):
  custom:framework-win-MediaFoundation: 216162199b28c13a410421893ffa2e32 -> 
  custom:video-decoder-ogg-theora: a1e56fd34408186e4bbccfd4996cb3dc -> 
  custom:container-muxer-webm: aa71ff27fc2769a1b78a27578f13a17b -> 
  custom:container-demuxer-webm: 4f35f7cbe854078d1ac9338744f61a02 -> 
  custom:container-demuxer-ogg: 62fdf1f143b41e24485cea50d1cbac27 -> 
  custom:video-encoder-webm-vp8: eb34c28f22e8b96e1ab97ce403110664 -> 
  custom:video-decoder-webm-vp8: 9c59270c3fd7afecdb556c50c9e8de78 -> 
  custom:graphics/normal-map-encoding: 01000000000000000000000000000000 -> 02000000000000000000000000000000
  custom:audio-decoder-ogg-vorbis: bf7c407c2cedff20999df2af8eb42d56 -> 
  custom:audio-encoder-webm-vorbis: bf7c407c2cedff20999df2af8eb42d56 -> 
========================================================================
Received Prepare
Shader 'Universal Render Pipeline/Particles/Lit': fallback shader 'Universal Render Pipeline/Particles/SimpleLit' not found
Refreshing native plugins compatible for Editor in 3.06 ms, found 2 plugins.
Preloading 0 native plugins for Editor in 0.00 ms.
Unloading 14 Unused Serialized files (Serialized files now loaded: 0)
System memory in use before: 184.0 MB.
System memory in use after: 184.3 MB.

Unloading 14 unused Assets to reduce memory usage. Loaded Objects now: 3531.
Total: 2.541500 ms (FindLiveObjects: 0.268500 ms CreateObjectMapping: 0.128100 ms MarkObjects: 2.126200 ms  DeleteObjects: 0.017900 ms)

AssetImportParameters requested are different than current active one (requested -> active):
  custom:framework-win-MediaFoundation: 216162199b28c13a410421893ffa2e32 -> 
  custom:video-decoder-ogg-theora: a1e56fd34408186e4bbccfd4996cb3dc -> 
  custom:container-muxer-webm: aa71ff27fc2769a1b78a27578f13a17b -> 
  custom:container-demuxer-webm: 4f35f7cbe854078d1ac9338744f61a02 -> 
  custom:container-demuxer-ogg: 62fdf1f143b41e24485cea50d1cbac27 -> 
  custom:video-encoder-webm-vp8: eb34c28f22e8b96e1ab97ce403110664 -> 
  custom:video-decoder-webm-vp8: 9c59270c3fd7afecdb556c50c9e8de78 -> 
  custom:audio-decoder-ogg-vorbis: bf7c407c2cedff20999df2af8eb42d56 -> 
  custom:audio-encoder-webm-vorbis: bf7c407c2cedff20999df2af8eb42d56 -> 
